2026-02-28 16:05:12 [INFO] main: Loading config: config.json
2026-02-28 16:05:12 [INFO] main: ============================================================
2026-02-28 16:05:12 [INFO] main: PROJECT: Tiki Electronics Market Research 2026
2026-02-28 16:05:12 [INFO] main: RUN ID:  run_20260228_160512
2026-02-28 16:05:12 [INFO] main: LOG:     logs/crawl_20260228_160512.log
2026-02-28 16:05:12 [INFO] main: ============================================================
2026-02-28 16:05:12 [INFO] crawler.brand_classifier: BrandClassifier initialized: 110 global brands, 8 OEM indicators
2026-02-28 16:05:12 [INFO] crawler.scraper: TikiScraper initialized: max_pages=50, delay=2.5s
2026-02-28 16:05:12 [INFO] crawler.storage: SQLite database initialized: data/tiki_electronics_2026.db
2026-02-28 16:05:12 [INFO] crawler.storage: Crawl run started: run_20260228_160512
2026-02-28 16:05:12 [INFO] main: 
2026-02-28 16:05:12 [INFO] main: ============================================================
2026-02-28 16:05:12 [INFO] main: PHASE 1: Dò tìm tất cả Leaf Categories (Sub-category sâu nhất)
2026-02-28 16:05:12 [INFO] main: ============================================================
2026-02-28 16:05:12 [INFO] main: 
2026-02-28 16:05:12 [INFO] main: Scanning: Linh kiện máy tính (ID: 8129) - Nhóm lõi: RAM, CPU, Mainboard, VGA, PSU, Case, SSD, HDD, Tản nhiệt, Quạt...
2026-02-28 16:05:12 [INFO] crawler.category_mapper: Bắt đầu dò tìm leaf categories cho parent ID: 8129
2026-02-28 16:05:13 [INFO] crawler.category_mapper: Tìm thấy 1 leaf categories dưới parent 8129
2026-02-28 16:05:13 [INFO] main: 
2026-02-28 16:05:13 [INFO] main: Scanning: Thiết bị mạng (ID: 2663) - Nhóm bổ trợ: Router, Switch, Access Point, Card mạng, Modem...
2026-02-28 16:05:13 [INFO] crawler.category_mapper: Bắt đầu dò tìm leaf categories cho parent ID: 2663
2026-02-28 16:05:14 [INFO] crawler.category_mapper: Tìm thấy 1 leaf categories dưới parent 2663
2026-02-28 16:05:14 [INFO] main: 
2026-02-28 16:05:14 [INFO] main: Scanning: Thiết bị lưu trữ (ID: 8060) - Ổ cứng gắn ngoài, USB, Thẻ nhớ (Nơi chứa rất nhiều USB/Thẻ nhớ OEM/Fake)
2026-02-28 16:05:14 [INFO] crawler.category_mapper: Bắt đầu dò tìm leaf categories cho parent ID: 8060
2026-02-28 16:05:14 [INFO] crawler.category_mapper: Tìm thấy 1 leaf categories dưới parent 8060
2026-02-28 16:05:14 [INFO] main: 
2026-02-28 16:05:14 [INFO] main: Scanning: Phụ Kiện Phím Chuột Chơi Game (ID: 28692) - Bàn phím, Chuột, Lót chuột
2026-02-28 16:05:14 [INFO] crawler.category_mapper: Bắt đầu dò tìm leaf categories cho parent ID: 28692
2026-02-28 16:05:14 [INFO] crawler.category_mapper: Tìm thấy 1 leaf categories dưới parent 28692
2026-02-28 16:05:14 [INFO] main: 
2026-02-28 16:05:14 [INFO] main: Scanning: Cáp chuyển đổi (ID: 12296) - 
2026-02-28 16:05:14 [INFO] crawler.category_mapper: Bắt đầu dò tìm leaf categories cho parent ID: 12296
2026-02-28 16:05:15 [INFO] crawler.category_mapper: Tìm thấy 1 leaf categories dưới parent 12296
2026-02-28 16:05:15 [INFO] main: 
2026-02-28 16:05:15 [INFO] main: Scanning: Thẻ Nhớ và Bộ Nhớ Mở Rộng (ID: 28448) - 
2026-02-28 16:05:15 [INFO] crawler.category_mapper: Bắt đầu dò tìm leaf categories cho parent ID: 28448
2026-02-28 16:05:15 [INFO] crawler.category_mapper: Tìm thấy 1 leaf categories dưới parent 28448
2026-02-28 16:05:15 [INFO] main: 
2026-02-28 16:05:15 [INFO] main: Scanning: Tai Nghe Bluetooth, Tai Nghe True Wireless (ID: 1811) - 
2026-02-28 16:05:15 [INFO] crawler.category_mapper: Bắt đầu dò tìm leaf categories cho parent ID: 1811
2026-02-28 16:05:16 [INFO] crawler.category_mapper: Tìm thấy 1 leaf categories dưới parent 1811
2026-02-28 16:05:16 [INFO] main: 
2026-02-28 16:05:16 [INFO] main: Scanning: Pin dự phòng (ID: 1821) - 
2026-02-28 16:05:16 [INFO] crawler.category_mapper: Bắt đầu dò tìm leaf categories cho parent ID: 1821
2026-02-28 16:05:16 [INFO] crawler.category_mapper: Tìm thấy 1 leaf categories dưới parent 1821
2026-02-28 16:05:16 [INFO] main: 
2026-02-28 16:05:16 [INFO] main: Scanning: Cáp chuyển đổi (ID: 1823) - 
2026-02-28 16:05:16 [INFO] crawler.category_mapper: Bắt đầu dò tìm leaf categories cho parent ID: 1823
2026-02-28 16:05:17 [INFO] crawler.category_mapper: Tìm thấy 1 leaf categories dưới parent 1823
2026-02-28 16:05:17 [INFO] main: 
2026-02-28 16:05:17 [INFO] main: Scanning: Adapter - Củ Sạc (ID: 3803) - 
2026-02-28 16:05:17 [INFO] crawler.category_mapper: Bắt đầu dò tìm leaf categories cho parent ID: 3803
2026-02-28 16:05:17 [INFO] crawler.category_mapper: Tìm thấy 1 leaf categories dưới parent 3803
2026-02-28 16:05:17 [INFO] main: 
2026-02-28 16:05:17 [INFO] main: Scanning: Tai Nghe Có Dây (ID: 1804) - 
2026-02-28 16:05:17 [INFO] crawler.category_mapper: Bắt đầu dò tìm leaf categories cho parent ID: 1804
2026-02-28 16:05:18 [INFO] crawler.category_mapper: Tìm thấy 1 leaf categories dưới parent 1804
2026-02-28 16:05:18 [INFO] main: 
2026-02-28 16:05:18 [INFO] main: TỔNG CỘNG: 11 leaf categories (đã loại trùng từ 11)
2026-02-28 16:05:18 [INFO] main:   [  8129] Linh Kiện Máy Tính - Phụ Kiện Máy Tính
2026-02-28 16:05:18 [INFO] main:   [  2663] Thiết Bị Mạng
2026-02-28 16:05:18 [INFO] main:   [  8060] Thiết Bị Lưu Trữ
2026-02-28 16:05:18 [INFO] main:   [ 28692] Phụ Kiện Phím Chuột Chơi Game
2026-02-28 16:05:18 [INFO] main:   [ 12296] Các Loại Cáp Chuyển Đổi
2026-02-28 16:05:18 [INFO] main:   [ 28448] Thẻ Nhớ và Bộ Nhớ Mở Rộng
2026-02-28 16:05:18 [INFO] main:   [  1811] Tai Nghe Bluetooth
2026-02-28 16:05:18 [INFO] main:   [  1821] Pin Sạc Dự Phòng
2026-02-28 16:05:18 [INFO] main:   [  1823] Dây Sạc - Dây Cáp
2026-02-28 16:05:18 [INFO] main:   [  3803] Adapter - Củ Sạc
2026-02-28 16:05:18 [INFO] main:   [  1804] Tai Nghe Có Dây
2026-02-28 16:05:18 [INFO] main: 
2026-02-28 16:05:18 [INFO] main: ============================================================
2026-02-28 16:05:18 [INFO] main: PHASE 2: Crawl sản phẩm + Phân loại Brand Type real-time
2026-02-28 16:05:18 [INFO] main: ============================================================
2026-02-28 16:05:18 [INFO] main: 
2026-02-28 16:05:18 [INFO] main: [1/11] Crawling: Linh Kiện Máy Tính - Phụ Kiện Máy Tính (ID: 8129)
2026-02-28 16:05:18 [INFO] crawler.scraper:   Đang quét category 8129 (Linh Kiện Máy Tính - Phụ Kiện Máy Tính) - Trang 1
2026-02-28 16:05:21 [INFO] crawler.scraper:   Đang quét category 8129 (Linh Kiện Máy Tính - Phụ Kiện Máy Tính) - Trang 2
2026-02-28 16:05:24 [INFO] crawler.scraper:   Đang quét category 8129 (Linh Kiện Máy Tính - Phụ Kiện Máy Tính) - Trang 3
2026-02-28 16:05:26 [INFO] crawler.scraper:   Đang quét category 8129 (Linh Kiện Máy Tính - Phụ Kiện Máy Tính) - Trang 4
2026-02-28 16:05:29 [INFO] crawler.scraper:   Đang quét category 8129 (Linh Kiện Máy Tính - Phụ Kiện Máy Tính) - Trang 5
2026-02-28 16:05:32 [INFO] crawler.scraper:   Đang quét category 8129 (Linh Kiện Máy Tính - Phụ Kiện Máy Tính) - Trang 6
2026-02-28 16:05:35 [INFO] crawler.scraper:   Đang quét category 8129 (Linh Kiện Máy Tính - Phụ Kiện Máy Tính) - Trang 7
2026-02-28 16:05:37 [INFO] crawler.scraper:   Đang quét category 8129 (Linh Kiện Máy Tính - Phụ Kiện Máy Tính) - Trang 8
2026-02-28 16:05:40 [INFO] crawler.scraper:   Đang quét category 8129 (Linh Kiện Máy Tính - Phụ Kiện Máy Tính) - Trang 9
2026-02-28 16:05:43 [INFO] crawler.scraper:   Đang quét category 8129 (Linh Kiện Máy Tính - Phụ Kiện Máy Tính) - Trang 10
2026-02-28 16:05:46 [INFO] crawler.scraper:   Đang quét category 8129 (Linh Kiện Máy Tính - Phụ Kiện Máy Tính) - Trang 11
2026-02-28 16:05:48 [INFO] crawler.scraper:   Đang quét category 8129 (Linh Kiện Máy Tính - Phụ Kiện Máy Tính) - Trang 12
2026-02-28 16:05:51 [INFO] crawler.scraper:   Đang quét category 8129 (Linh Kiện Máy Tính - Phụ Kiện Máy Tính) - Trang 13
2026-02-28 16:05:54 [INFO] crawler.scraper:   Đang quét category 8129 (Linh Kiện Máy Tính - Phụ Kiện Máy Tính) - Trang 14
2026-02-28 16:05:57 [INFO] crawler.scraper:   Đang quét category 8129 (Linh Kiện Máy Tính - Phụ Kiện Máy Tính) - Trang 15
2026-02-28 16:05:59 [INFO] crawler.scraper:   Đang quét category 8129 (Linh Kiện Máy Tính - Phụ Kiện Máy Tính) - Trang 16
2026-02-28 16:06:02 [INFO] crawler.scraper:   Đang quét category 8129 (Linh Kiện Máy Tính - Phụ Kiện Máy Tính) - Trang 17
2026-02-28 16:06:05 [INFO] crawler.scraper:   Đang quét category 8129 (Linh Kiện Máy Tính - Phụ Kiện Máy Tính) - Trang 18
2026-02-28 16:06:08 [INFO] crawler.scraper:   Đang quét category 8129 (Linh Kiện Máy Tính - Phụ Kiện Máy Tính) - Trang 19
2026-02-28 16:06:10 [INFO] crawler.scraper:   Đang quét category 8129 (Linh Kiện Máy Tính - Phụ Kiện Máy Tính) - Trang 20
2026-02-28 16:06:13 [INFO] crawler.scraper:   Đang quét category 8129 (Linh Kiện Máy Tính - Phụ Kiện Máy Tính) - Trang 21
2026-02-28 16:06:16 [INFO] crawler.scraper:   Đang quét category 8129 (Linh Kiện Máy Tính - Phụ Kiện Máy Tính) - Trang 22
2026-02-28 16:06:19 [INFO] crawler.scraper:   Đang quét category 8129 (Linh Kiện Máy Tính - Phụ Kiện Máy Tính) - Trang 23
2026-02-28 16:06:22 [INFO] crawler.scraper:   Đang quét category 8129 (Linh Kiện Máy Tính - Phụ Kiện Máy Tính) - Trang 24
2026-02-28 16:06:24 [INFO] crawler.scraper:   Đang quét category 8129 (Linh Kiện Máy Tính - Phụ Kiện Máy Tính) - Trang 25
2026-02-28 16:06:27 [INFO] crawler.scraper:   Đang quét category 8129 (Linh Kiện Máy Tính - Phụ Kiện Máy Tính) - Trang 26
2026-02-28 16:06:30 [INFO] crawler.scraper:   Đang quét category 8129 (Linh Kiện Máy Tính - Phụ Kiện Máy Tính) - Trang 27
2026-02-28 16:06:33 [INFO] crawler.scraper:   Đang quét category 8129 (Linh Kiện Máy Tính - Phụ Kiện Máy Tính) - Trang 28
2026-02-28 16:06:36 [INFO] crawler.scraper:   Đang quét category 8129 (Linh Kiện Máy Tính - Phụ Kiện Máy Tính) - Trang 29
2026-02-28 16:06:38 [INFO] crawler.scraper:   Đang quét category 8129 (Linh Kiện Máy Tính - Phụ Kiện Máy Tính) - Trang 30
2026-02-28 16:06:41 [INFO] crawler.scraper:   Đang quét category 8129 (Linh Kiện Máy Tính - Phụ Kiện Máy Tính) - Trang 31
2026-02-28 16:06:44 [INFO] crawler.scraper:   Đang quét category 8129 (Linh Kiện Máy Tính - Phụ Kiện Máy Tính) - Trang 32
2026-02-28 16:06:47 [INFO] crawler.scraper:   Đang quét category 8129 (Linh Kiện Máy Tính - Phụ Kiện Máy Tính) - Trang 33
2026-02-28 16:06:50 [INFO] crawler.scraper:   Đang quét category 8129 (Linh Kiện Máy Tính - Phụ Kiện Máy Tính) - Trang 34
2026-02-28 16:06:52 [INFO] crawler.scraper:   Đang quét category 8129 (Linh Kiện Máy Tính - Phụ Kiện Máy Tính) - Trang 35
2026-02-28 16:06:55 [INFO] crawler.scraper:   Đang quét category 8129 (Linh Kiện Máy Tính - Phụ Kiện Máy Tính) - Trang 36
2026-02-28 16:06:58 [INFO] crawler.scraper:   Đang quét category 8129 (Linh Kiện Máy Tính - Phụ Kiện Máy Tính) - Trang 37
2026-02-28 16:07:01 [INFO] crawler.scraper:   Đang quét category 8129 (Linh Kiện Máy Tính - Phụ Kiện Máy Tính) - Trang 38
2026-02-28 16:07:03 [INFO] crawler.scraper:   Đang quét category 8129 (Linh Kiện Máy Tính - Phụ Kiện Máy Tính) - Trang 39
2026-02-28 16:07:06 [INFO] crawler.scraper:   Đang quét category 8129 (Linh Kiện Máy Tính - Phụ Kiện Máy Tính) - Trang 40
2026-02-28 16:07:09 [INFO] crawler.scraper:   Đang quét category 8129 (Linh Kiện Máy Tính - Phụ Kiện Máy Tính) - Trang 41
2026-02-28 16:07:12 [INFO] crawler.scraper:   Đang quét category 8129 (Linh Kiện Máy Tính - Phụ Kiện Máy Tính) - Trang 42
2026-02-28 16:07:15 [INFO] crawler.scraper:   Đang quét category 8129 (Linh Kiện Máy Tính - Phụ Kiện Máy Tính) - Trang 43
2026-02-28 16:07:17 [INFO] crawler.scraper:   Đang quét category 8129 (Linh Kiện Máy Tính - Phụ Kiện Máy Tính) - Trang 44
2026-02-28 16:07:20 [INFO] crawler.scraper:   Đang quét category 8129 (Linh Kiện Máy Tính - Phụ Kiện Máy Tính) - Trang 45
2026-02-28 16:07:23 [INFO] crawler.scraper:   Đang quét category 8129 (Linh Kiện Máy Tính - Phụ Kiện Máy Tính) - Trang 46
2026-02-28 16:07:26 [INFO] crawler.scraper:   Đang quét category 8129 (Linh Kiện Máy Tính - Phụ Kiện Máy Tính) - Trang 47
2026-02-28 16:07:28 [INFO] crawler.scraper:   Đang quét category 8129 (Linh Kiện Máy Tính - Phụ Kiện Máy Tính) - Trang 48
2026-02-28 16:07:31 [INFO] crawler.scraper:   Đang quét category 8129 (Linh Kiện Máy Tính - Phụ Kiện Máy Tính) - Trang 49
2026-02-28 16:07:34 [INFO] crawler.scraper:   Đang quét category 8129 (Linh Kiện Máy Tính - Phụ Kiện Máy Tính) - Trang 50
2026-02-28 16:07:34 [INFO] crawler.scraper:   Đã đến trang cuối (50) của category 8129
2026-02-28 16:07:34 [INFO] crawler.storage: Upserted 2000 products (New: 1, Updated: 1999)
2026-02-28 16:07:34 [INFO] main:   -> Tìm thấy: 2000 | Mới: 1 | Cập nhật: 1999
2026-02-28 16:07:34 [INFO] main: 
2026-02-28 16:07:34 [INFO] main: [2/11] Crawling: Thiết Bị Mạng (ID: 2663)
2026-02-28 16:07:34 [INFO] crawler.scraper:   Đang quét category 2663 (Thiết Bị Mạng) - Trang 1
2026-02-28 16:07:37 [INFO] crawler.scraper:   Đang quét category 2663 (Thiết Bị Mạng) - Trang 2
2026-02-28 16:07:40 [INFO] crawler.scraper:   Đang quét category 2663 (Thiết Bị Mạng) - Trang 3
2026-02-28 16:07:43 [INFO] crawler.scraper:   Đang quét category 2663 (Thiết Bị Mạng) - Trang 4
2026-02-28 16:07:45 [INFO] crawler.scraper:   Đang quét category 2663 (Thiết Bị Mạng) - Trang 5
2026-02-28 16:07:48 [INFO] crawler.scraper:   Đang quét category 2663 (Thiết Bị Mạng) - Trang 6
2026-02-28 16:07:51 [INFO] crawler.scraper:   Đang quét category 2663 (Thiết Bị Mạng) - Trang 7
2026-02-28 16:07:54 [INFO] crawler.scraper:   Đang quét category 2663 (Thiết Bị Mạng) - Trang 8
2026-02-28 16:07:56 [INFO] crawler.scraper:   Đang quét category 2663 (Thiết Bị Mạng) - Trang 9
2026-02-28 16:07:59 [INFO] crawler.scraper:   Đang quét category 2663 (Thiết Bị Mạng) - Trang 10
2026-02-28 16:08:02 [INFO] crawler.scraper:   Đang quét category 2663 (Thiết Bị Mạng) - Trang 11
2026-02-28 16:08:05 [INFO] crawler.scraper:   Đang quét category 2663 (Thiết Bị Mạng) - Trang 12
2026-02-28 16:08:07 [INFO] crawler.scraper:   Đang quét category 2663 (Thiết Bị Mạng) - Trang 13
2026-02-28 16:08:10 [INFO] crawler.scraper:   Đang quét category 2663 (Thiết Bị Mạng) - Trang 14
2026-02-28 16:08:13 [INFO] crawler.scraper:   Đang quét category 2663 (Thiết Bị Mạng) - Trang 15
2026-02-28 16:08:16 [INFO] crawler.scraper:   Đang quét category 2663 (Thiết Bị Mạng) - Trang 16
2026-02-28 16:08:19 [INFO] crawler.scraper:   Đang quét category 2663 (Thiết Bị Mạng) - Trang 17
2026-02-28 16:08:21 [INFO] crawler.scraper:   Đang quét category 2663 (Thiết Bị Mạng) - Trang 18
2026-02-28 16:08:24 [INFO] crawler.scraper:   Đang quét category 2663 (Thiết Bị Mạng) - Trang 19
2026-02-28 16:08:27 [INFO] crawler.scraper:   Đang quét category 2663 (Thiết Bị Mạng) - Trang 20
2026-02-28 16:08:30 [INFO] crawler.scraper:   Đang quét category 2663 (Thiết Bị Mạng) - Trang 21
2026-02-28 16:08:32 [INFO] crawler.scraper:   Đang quét category 2663 (Thiết Bị Mạng) - Trang 22
2026-02-28 16:08:35 [INFO] crawler.scraper:   Đang quét category 2663 (Thiết Bị Mạng) - Trang 23
2026-02-28 16:08:38 [INFO] crawler.scraper:   Đang quét category 2663 (Thiết Bị Mạng) - Trang 24
2026-02-28 16:08:41 [INFO] crawler.scraper:   Đang quét category 2663 (Thiết Bị Mạng) - Trang 25
2026-02-28 16:08:43 [INFO] crawler.scraper:   Đang quét category 2663 (Thiết Bị Mạng) - Trang 26
2026-02-28 16:08:46 [INFO] crawler.scraper:   Đang quét category 2663 (Thiết Bị Mạng) - Trang 27
2026-02-28 16:08:49 [INFO] crawler.scraper:   Đang quét category 2663 (Thiết Bị Mạng) - Trang 28
2026-02-28 16:08:52 [INFO] crawler.scraper:   Đang quét category 2663 (Thiết Bị Mạng) - Trang 29
2026-02-28 16:08:54 [INFO] crawler.scraper:   Đang quét category 2663 (Thiết Bị Mạng) - Trang 30
2026-02-28 16:08:57 [INFO] crawler.scraper:   Đang quét category 2663 (Thiết Bị Mạng) - Trang 31
2026-02-28 16:09:00 [INFO] crawler.scraper:   Đang quét category 2663 (Thiết Bị Mạng) - Trang 32
2026-02-28 16:09:03 [INFO] crawler.scraper:   Đang quét category 2663 (Thiết Bị Mạng) - Trang 33
2026-02-28 16:09:06 [INFO] crawler.scraper:   Đang quét category 2663 (Thiết Bị Mạng) - Trang 34
2026-02-28 16:09:08 [INFO] crawler.scraper:   Đang quét category 2663 (Thiết Bị Mạng) - Trang 35
2026-02-28 16:09:11 [INFO] crawler.scraper:   Đang quét category 2663 (Thiết Bị Mạng) - Trang 36
2026-02-28 16:09:14 [INFO] crawler.scraper:   Đang quét category 2663 (Thiết Bị Mạng) - Trang 37
2026-02-28 16:09:14 [INFO] crawler.scraper:   Đã đến trang cuối (37) của category 2663
2026-02-28 16:09:14 [INFO] crawler.storage: Upserted 1477 products (New: 3, Updated: 1474)
2026-02-28 16:09:14 [INFO] main:   -> Tìm thấy: 1477 | Mới: 3 | Cập nhật: 1474
2026-02-28 16:09:14 [INFO] main: 
2026-02-28 16:09:14 [INFO] main: [3/11] Crawling: Thiết Bị Lưu Trữ (ID: 8060)
2026-02-28 16:09:14 [INFO] crawler.scraper:   Đang quét category 8060 (Thiết Bị Lưu Trữ) - Trang 1
2026-02-28 16:09:17 [INFO] crawler.scraper:   Đang quét category 8060 (Thiết Bị Lưu Trữ) - Trang 2
2026-02-28 16:09:20 [INFO] crawler.scraper:   Đang quét category 8060 (Thiết Bị Lưu Trữ) - Trang 3
2026-02-28 16:09:22 [INFO] crawler.scraper:   Đang quét category 8060 (Thiết Bị Lưu Trữ) - Trang 4
2026-02-28 16:09:25 [INFO] crawler.scraper:   Đang quét category 8060 (Thiết Bị Lưu Trữ) - Trang 5
2026-02-28 16:09:28 [INFO] crawler.scraper:   Đang quét category 8060 (Thiết Bị Lưu Trữ) - Trang 6
2026-02-28 16:09:31 [INFO] crawler.scraper:   Đang quét category 8060 (Thiết Bị Lưu Trữ) - Trang 7
2026-02-28 16:09:33 [INFO] crawler.scraper:   Đang quét category 8060 (Thiết Bị Lưu Trữ) - Trang 8
2026-02-28 16:09:36 [INFO] crawler.scraper:   Đang quét category 8060 (Thiết Bị Lưu Trữ) - Trang 9
2026-02-28 16:09:36 [INFO] crawler.scraper:   Đã đến trang cuối (9) của category 8060
2026-02-28 16:09:36 [INFO] crawler.storage: Upserted 335 products (New: 0, Updated: 335)
2026-02-28 16:09:36 [INFO] main:   -> Tìm thấy: 335 | Mới: 0 | Cập nhật: 335
2026-02-28 16:09:36 [INFO] main: 
2026-02-28 16:09:36 [INFO] main: [4/11] Crawling: Phụ Kiện Phím Chuột Chơi Game (ID: 28692)
2026-02-28 16:09:36 [INFO] crawler.scraper:   Đang quét category 28692 (Phụ Kiện Phím Chuột Chơi Game) - Trang 1
2026-02-28 16:09:39 [INFO] crawler.scraper:   Đang quét category 28692 (Phụ Kiện Phím Chuột Chơi Game) - Trang 2
2026-02-28 16:09:42 [INFO] crawler.scraper:   Đang quét category 28692 (Phụ Kiện Phím Chuột Chơi Game) - Trang 3
2026-02-28 16:09:45 [INFO] crawler.scraper:   Đang quét category 28692 (Phụ Kiện Phím Chuột Chơi Game) - Trang 4
2026-02-28 16:09:48 [INFO] crawler.scraper:   Đang quét category 28692 (Phụ Kiện Phím Chuột Chơi Game) - Trang 5
2026-02-28 16:09:50 [INFO] crawler.scraper:   Đang quét category 28692 (Phụ Kiện Phím Chuột Chơi Game) - Trang 6
2026-02-28 16:09:53 [INFO] crawler.scraper:   Đang quét category 28692 (Phụ Kiện Phím Chuột Chơi Game) - Trang 7
2026-02-28 16:09:56 [INFO] crawler.scraper:   Đang quét category 28692 (Phụ Kiện Phím Chuột Chơi Game) - Trang 8
2026-02-28 16:09:59 [INFO] crawler.scraper:   Đang quét category 28692 (Phụ Kiện Phím Chuột Chơi Game) - Trang 9
2026-02-28 16:10:02 [INFO] crawler.scraper:   Đang quét category 28692 (Phụ Kiện Phím Chuột Chơi Game) - Trang 10
2026-02-28 16:10:04 [INFO] crawler.scraper:   Đang quét category 28692 (Phụ Kiện Phím Chuột Chơi Game) - Trang 11
2026-02-28 16:10:05 [INFO] crawler.scraper:   Đã đến trang cuối (11) của category 28692
2026-02-28 16:10:05 [INFO] crawler.storage: Upserted 418 products (New: 0, Updated: 418)
2026-02-28 16:10:05 [INFO] main:   -> Tìm thấy: 418 | Mới: 0 | Cập nhật: 418
2026-02-28 16:10:05 [INFO] main: 
2026-02-28 16:10:05 [INFO] main: [5/11] Crawling: Các Loại Cáp Chuyển Đổi (ID: 12296)
2026-02-28 16:10:05 [INFO] crawler.scraper:   Đang quét category 12296 (Các Loại Cáp Chuyển Đổi) - Trang 1
2026-02-28 16:10:07 [INFO] crawler.scraper:   Đang quét category 12296 (Các Loại Cáp Chuyển Đổi) - Trang 2
2026-02-28 16:10:10 [INFO] crawler.scraper:   Đang quét category 12296 (Các Loại Cáp Chuyển Đổi) - Trang 3
2026-02-28 16:10:13 [INFO] crawler.scraper:   Đang quét category 12296 (Các Loại Cáp Chuyển Đổi) - Trang 4
2026-02-28 16:10:16 [INFO] crawler.scraper:   Đang quét category 12296 (Các Loại Cáp Chuyển Đổi) - Trang 5
2026-02-28 16:10:19 [INFO] crawler.scraper:   Đang quét category 12296 (Các Loại Cáp Chuyển Đổi) - Trang 6
2026-02-28 16:10:22 [INFO] crawler.scraper:   Đang quét category 12296 (Các Loại Cáp Chuyển Đổi) - Trang 7
2026-02-28 16:10:25 [INFO] crawler.scraper:   Đang quét category 12296 (Các Loại Cáp Chuyển Đổi) - Trang 8
2026-02-28 16:10:27 [INFO] crawler.scraper:   Đang quét category 12296 (Các Loại Cáp Chuyển Đổi) - Trang 9
2026-02-28 16:10:30 [INFO] crawler.scraper:   Đang quét category 12296 (Các Loại Cáp Chuyển Đổi) - Trang 10
2026-02-28 16:10:33 [INFO] crawler.scraper:   Đang quét category 12296 (Các Loại Cáp Chuyển Đổi) - Trang 11
2026-02-28 16:10:36 [INFO] crawler.scraper:   Đang quét category 12296 (Các Loại Cáp Chuyển Đổi) - Trang 12
2026-02-28 16:10:38 [INFO] crawler.scraper:   Đang quét category 12296 (Các Loại Cáp Chuyển Đổi) - Trang 13
2026-02-28 16:10:41 [INFO] crawler.scraper:   Đang quét category 12296 (Các Loại Cáp Chuyển Đổi) - Trang 14
2026-02-28 16:10:44 [INFO] crawler.scraper:   Đang quét category 12296 (Các Loại Cáp Chuyển Đổi) - Trang 15
2026-02-28 16:10:47 [INFO] crawler.scraper:   Đang quét category 12296 (Các Loại Cáp Chuyển Đổi) - Trang 16
2026-02-28 16:10:49 [INFO] crawler.scraper:   Đang quét category 12296 (Các Loại Cáp Chuyển Đổi) - Trang 17
2026-02-28 16:10:52 [INFO] crawler.scraper:   Đang quét category 12296 (Các Loại Cáp Chuyển Đổi) - Trang 18
2026-02-28 16:10:55 [INFO] crawler.scraper:   Đang quét category 12296 (Các Loại Cáp Chuyển Đổi) - Trang 19
2026-02-28 16:10:58 [INFO] crawler.scraper:   Đang quét category 12296 (Các Loại Cáp Chuyển Đổi) - Trang 20
2026-02-28 16:11:00 [INFO] crawler.scraper:   Đang quét category 12296 (Các Loại Cáp Chuyển Đổi) - Trang 21
2026-02-28 16:11:03 [INFO] crawler.scraper:   Đang quét category 12296 (Các Loại Cáp Chuyển Đổi) - Trang 22
2026-02-28 16:11:06 [INFO] crawler.scraper:   Đang quét category 12296 (Các Loại Cáp Chuyển Đổi) - Trang 23
2026-02-28 16:11:09 [INFO] crawler.scraper:   Đang quét category 12296 (Các Loại Cáp Chuyển Đổi) - Trang 24
2026-02-28 16:11:11 [INFO] crawler.scraper:   Đang quét category 12296 (Các Loại Cáp Chuyển Đổi) - Trang 25
2026-02-28 16:11:14 [INFO] crawler.scraper:   Đang quét category 12296 (Các Loại Cáp Chuyển Đổi) - Trang 26
2026-02-28 16:11:17 [INFO] crawler.scraper:   Đang quét category 12296 (Các Loại Cáp Chuyển Đổi) - Trang 27
2026-02-28 16:11:20 [INFO] crawler.scraper:   Đang quét category 12296 (Các Loại Cáp Chuyển Đổi) - Trang 28
2026-02-28 16:11:23 [INFO] crawler.scraper:   Đang quét category 12296 (Các Loại Cáp Chuyển Đổi) - Trang 29
2026-02-28 16:11:25 [INFO] crawler.scraper:   Đang quét category 12296 (Các Loại Cáp Chuyển Đổi) - Trang 30
2026-02-28 16:11:28 [INFO] crawler.scraper:   Đang quét category 12296 (Các Loại Cáp Chuyển Đổi) - Trang 31
2026-02-28 16:11:31 [INFO] crawler.scraper:   Đang quét category 12296 (Các Loại Cáp Chuyển Đổi) - Trang 32
2026-02-28 16:11:34 [INFO] crawler.scraper:   Đang quét category 12296 (Các Loại Cáp Chuyển Đổi) - Trang 33
2026-02-28 16:11:36 [INFO] crawler.scraper:   Đang quét category 12296 (Các Loại Cáp Chuyển Đổi) - Trang 34
2026-02-28 16:11:39 [INFO] crawler.scraper:   Đang quét category 12296 (Các Loại Cáp Chuyển Đổi) - Trang 35
2026-02-28 16:11:42 [INFO] crawler.scraper:   Đang quét category 12296 (Các Loại Cáp Chuyển Đổi) - Trang 36
2026-02-28 16:11:45 [INFO] crawler.scraper:   Đang quét category 12296 (Các Loại Cáp Chuyển Đổi) - Trang 37
2026-02-28 16:11:47 [INFO] crawler.scraper:   Đang quét category 12296 (Các Loại Cáp Chuyển Đổi) - Trang 38
2026-02-28 16:11:50 [INFO] crawler.scraper:   Đang quét category 12296 (Các Loại Cáp Chuyển Đổi) - Trang 39
2026-02-28 16:11:53 [INFO] crawler.scraper:   Đang quét category 12296 (Các Loại Cáp Chuyển Đổi) - Trang 40
2026-02-28 16:11:55 [INFO] crawler.scraper:   Đang quét category 12296 (Các Loại Cáp Chuyển Đổi) - Trang 41
2026-02-28 16:11:58 [INFO] crawler.scraper:   Đang quét category 12296 (Các Loại Cáp Chuyển Đổi) - Trang 42
2026-02-28 16:12:01 [INFO] crawler.scraper:   Đang quét category 12296 (Các Loại Cáp Chuyển Đổi) - Trang 43
2026-02-28 16:12:04 [INFO] crawler.scraper:   Đang quét category 12296 (Các Loại Cáp Chuyển Đổi) - Trang 44
2026-02-28 16:12:06 [INFO] crawler.scraper:   Đang quét category 12296 (Các Loại Cáp Chuyển Đổi) - Trang 45
2026-02-28 16:12:09 [INFO] crawler.scraper:   Đang quét category 12296 (Các Loại Cáp Chuyển Đổi) - Trang 46
2026-02-28 16:12:12 [INFO] crawler.scraper:   Đang quét category 12296 (Các Loại Cáp Chuyển Đổi) - Trang 47
2026-02-28 16:12:15 [INFO] crawler.scraper:   Đang quét category 12296 (Các Loại Cáp Chuyển Đổi) - Trang 48
2026-02-28 16:12:17 [INFO] crawler.scraper:   Đang quét category 12296 (Các Loại Cáp Chuyển Đổi) - Trang 49
2026-02-28 16:12:20 [INFO] crawler.scraper:   Đang quét category 12296 (Các Loại Cáp Chuyển Đổi) - Trang 50
2026-02-28 16:12:20 [INFO] crawler.scraper:   Đã đến trang cuối (50) của category 12296
2026-02-28 16:12:20 [INFO] crawler.storage: Upserted 2000 products (New: 6, Updated: 1994)
2026-02-28 16:12:20 [INFO] main:   -> Tìm thấy: 2000 | Mới: 6 | Cập nhật: 1994
2026-02-28 16:12:20 [INFO] main: 
2026-02-28 16:12:20 [INFO] main: [6/11] Crawling: Thẻ Nhớ và Bộ Nhớ Mở Rộng (ID: 28448)
2026-02-28 16:12:20 [INFO] crawler.scraper:   Đang quét category 28448 (Thẻ Nhớ và Bộ Nhớ Mở Rộng) - Trang 1
2026-02-28 16:12:23 [INFO] crawler.scraper:   Đang quét category 28448 (Thẻ Nhớ và Bộ Nhớ Mở Rộng) - Trang 2
2026-02-28 16:12:26 [INFO] crawler.scraper:   Đang quét category 28448 (Thẻ Nhớ và Bộ Nhớ Mở Rộng) - Trang 3
2026-02-28 16:12:26 [INFO] crawler.scraper:   Đã đến trang cuối (3) của category 28448
2026-02-28 16:12:26 [INFO] crawler.storage: Upserted 85 products (New: 0, Updated: 85)
2026-02-28 16:12:26 [INFO] main:   -> Tìm thấy: 85 | Mới: 0 | Cập nhật: 85
2026-02-28 16:12:26 [INFO] main: 
2026-02-28 16:12:26 [INFO] main: [7/11] Crawling: Tai Nghe Bluetooth (ID: 1811)
2026-02-28 16:12:26 [INFO] crawler.scraper:   Đang quét category 1811 (Tai Nghe Bluetooth) - Trang 1
2026-02-28 16:12:29 [INFO] crawler.scraper:   Đang quét category 1811 (Tai Nghe Bluetooth) - Trang 2
2026-02-28 16:12:32 [INFO] crawler.scraper:   Đang quét category 1811 (Tai Nghe Bluetooth) - Trang 3
2026-02-28 16:12:35 [INFO] crawler.scraper:   Đang quét category 1811 (Tai Nghe Bluetooth) - Trang 4
2026-02-28 16:12:38 [INFO] crawler.scraper:   Đang quét category 1811 (Tai Nghe Bluetooth) - Trang 5
2026-02-28 16:12:40 [INFO] crawler.scraper:   Đang quét category 1811 (Tai Nghe Bluetooth) - Trang 6
2026-02-28 16:12:43 [INFO] crawler.scraper:   Đang quét category 1811 (Tai Nghe Bluetooth) - Trang 7
2026-02-28 16:12:46 [INFO] crawler.scraper:   Đang quét category 1811 (Tai Nghe Bluetooth) - Trang 8
2026-02-28 16:12:49 [INFO] crawler.scraper:   Đang quét category 1811 (Tai Nghe Bluetooth) - Trang 9
2026-02-28 16:12:51 [INFO] crawler.scraper:   Đang quét category 1811 (Tai Nghe Bluetooth) - Trang 10
2026-02-28 16:12:54 [INFO] crawler.scraper:   Đang quét category 1811 (Tai Nghe Bluetooth) - Trang 11
2026-02-28 16:12:54 [INFO] crawler.scraper:   Đã đến trang cuối (11) của category 1811
2026-02-28 16:12:54 [INFO] crawler.storage: Upserted 419 products (New: 10, Updated: 409)
2026-02-28 16:12:54 [INFO] main:   -> Tìm thấy: 419 | Mới: 10 | Cập nhật: 409
2026-02-28 16:12:54 [INFO] main: 
2026-02-28 16:12:54 [INFO] main: [8/11] Crawling: Pin Sạc Dự Phòng (ID: 1821)
2026-02-28 16:12:54 [INFO] crawler.scraper:   Đang quét category 1821 (Pin Sạc Dự Phòng) - Trang 1
2026-02-28 16:12:57 [INFO] crawler.scraper:   Đang quét category 1821 (Pin Sạc Dự Phòng) - Trang 2
2026-02-28 16:13:00 [INFO] crawler.scraper:   Đang quét category 1821 (Pin Sạc Dự Phòng) - Trang 3
2026-02-28 16:13:03 [INFO] crawler.scraper:   Đang quét category 1821 (Pin Sạc Dự Phòng) - Trang 4
2026-02-28 16:13:06 [INFO] crawler.scraper:   Đang quét category 1821 (Pin Sạc Dự Phòng) - Trang 5
2026-02-28 16:13:09 [INFO] crawler.scraper:   Đang quét category 1821 (Pin Sạc Dự Phòng) - Trang 6
2026-02-28 16:13:11 [INFO] crawler.scraper:   Đang quét category 1821 (Pin Sạc Dự Phòng) - Trang 7
2026-02-28 16:13:14 [INFO] crawler.scraper:   Đang quét category 1821 (Pin Sạc Dự Phòng) - Trang 8
2026-02-28 16:13:17 [INFO] crawler.scraper:   Đang quét category 1821 (Pin Sạc Dự Phòng) - Trang 9
2026-02-28 16:13:17 [INFO] crawler.scraper:   Đã đến trang cuối (9) của category 1821
2026-02-28 16:13:17 [INFO] crawler.storage: Upserted 341 products (New: 1, Updated: 340)
2026-02-28 16:13:17 [INFO] main:   -> Tìm thấy: 341 | Mới: 1 | Cập nhật: 340
2026-02-28 16:13:17 [INFO] main: 
2026-02-28 16:13:17 [INFO] main: [9/11] Crawling: Dây Sạc - Dây Cáp (ID: 1823)
2026-02-28 16:13:17 [INFO] crawler.scraper:   Đang quét category 1823 (Dây Sạc - Dây Cáp) - Trang 1
2026-02-28 16:13:20 [INFO] crawler.scraper:   Đang quét category 1823 (Dây Sạc - Dây Cáp) - Trang 2
2026-02-28 16:13:23 [INFO] crawler.scraper:   Đang quét category 1823 (Dây Sạc - Dây Cáp) - Trang 3
2026-02-28 16:13:26 [INFO] crawler.scraper:   Đang quét category 1823 (Dây Sạc - Dây Cáp) - Trang 4
2026-02-28 16:13:29 [INFO] crawler.scraper:   Đang quét category 1823 (Dây Sạc - Dây Cáp) - Trang 5
2026-02-28 16:13:31 [INFO] crawler.scraper:   Đang quét category 1823 (Dây Sạc - Dây Cáp) - Trang 6
2026-02-28 16:13:34 [INFO] crawler.scraper:   Đang quét category 1823 (Dây Sạc - Dây Cáp) - Trang 7
2026-02-28 16:13:37 [INFO] crawler.scraper:   Đang quét category 1823 (Dây Sạc - Dây Cáp) - Trang 8
2026-02-28 16:13:40 [INFO] crawler.scraper:   Đang quét category 1823 (Dây Sạc - Dây Cáp) - Trang 9
2026-02-28 16:13:42 [INFO] crawler.scraper:   Đang quét category 1823 (Dây Sạc - Dây Cáp) - Trang 10
2026-02-28 16:13:45 [INFO] crawler.scraper:   Đang quét category 1823 (Dây Sạc - Dây Cáp) - Trang 11
2026-02-28 16:13:48 [INFO] crawler.scraper:   Đang quét category 1823 (Dây Sạc - Dây Cáp) - Trang 12
2026-02-28 16:13:51 [INFO] crawler.scraper:   Đang quét category 1823 (Dây Sạc - Dây Cáp) - Trang 13
2026-02-28 16:13:53 [INFO] crawler.scraper:   Đang quét category 1823 (Dây Sạc - Dây Cáp) - Trang 14
2026-02-28 16:13:56 [INFO] crawler.scraper:   Đang quét category 1823 (Dây Sạc - Dây Cáp) - Trang 15
2026-02-28 16:13:59 [INFO] crawler.scraper:   Đang quét category 1823 (Dây Sạc - Dây Cáp) - Trang 16
2026-02-28 16:14:02 [INFO] crawler.scraper:   Đang quét category 1823 (Dây Sạc - Dây Cáp) - Trang 17
2026-02-28 16:14:04 [INFO] crawler.scraper:   Đang quét category 1823 (Dây Sạc - Dây Cáp) - Trang 18
2026-02-28 16:14:07 [INFO] crawler.scraper:   Đang quét category 1823 (Dây Sạc - Dây Cáp) - Trang 19
2026-02-28 16:14:10 [INFO] crawler.scraper:   Đang quét category 1823 (Dây Sạc - Dây Cáp) - Trang 20
2026-02-28 16:14:13 [INFO] crawler.scraper:   Đang quét category 1823 (Dây Sạc - Dây Cáp) - Trang 21
2026-02-28 16:14:15 [INFO] crawler.scraper:   Đang quét category 1823 (Dây Sạc - Dây Cáp) - Trang 22
2026-02-28 16:14:18 [INFO] crawler.scraper:   Đang quét category 1823 (Dây Sạc - Dây Cáp) - Trang 23
2026-02-28 16:14:21 [INFO] crawler.scraper:   Đang quét category 1823 (Dây Sạc - Dây Cáp) - Trang 24
2026-02-28 16:14:24 [INFO] crawler.scraper:   Đang quét category 1823 (Dây Sạc - Dây Cáp) - Trang 25
2026-02-28 16:14:26 [INFO] crawler.scraper:   Đang quét category 1823 (Dây Sạc - Dây Cáp) - Trang 26
2026-02-28 16:14:29 [INFO] crawler.scraper:   Đang quét category 1823 (Dây Sạc - Dây Cáp) - Trang 27
2026-02-28 16:14:29 [INFO] crawler.scraper:   Đã đến trang cuối (27) của category 1823
2026-02-28 16:14:30 [INFO] crawler.storage: Upserted 1077 products (New: 2, Updated: 1075)
2026-02-28 16:14:30 [INFO] main:   -> Tìm thấy: 1077 | Mới: 2 | Cập nhật: 1075
2026-02-28 16:14:30 [INFO] main: 
2026-02-28 16:14:30 [INFO] main: [10/11] Crawling: Adapter - Củ Sạc (ID: 3803)
2026-02-28 16:14:30 [INFO] crawler.scraper:   Đang quét category 3803 (Adapter - Củ Sạc) - Trang 1
2026-02-28 16:14:32 [INFO] crawler.scraper:   Đang quét category 3803 (Adapter - Củ Sạc) - Trang 2
2026-02-28 16:14:35 [INFO] crawler.scraper:   Đang quét category 3803 (Adapter - Củ Sạc) - Trang 3
2026-02-28 16:14:38 [INFO] crawler.scraper:   Đang quét category 3803 (Adapter - Củ Sạc) - Trang 4
2026-02-28 16:14:41 [INFO] crawler.scraper:   Đang quét category 3803 (Adapter - Củ Sạc) - Trang 5
2026-02-28 16:14:44 [INFO] crawler.scraper:   Đang quét category 3803 (Adapter - Củ Sạc) - Trang 6
2026-02-28 16:14:46 [INFO] crawler.scraper:   Đang quét category 3803 (Adapter - Củ Sạc) - Trang 7
2026-02-28 16:14:49 [INFO] crawler.scraper:   Đang quét category 3803 (Adapter - Củ Sạc) - Trang 8
2026-02-28 16:14:52 [INFO] crawler.scraper:   Đang quét category 3803 (Adapter - Củ Sạc) - Trang 9
2026-02-28 16:14:55 [INFO] crawler.scraper:   Đang quét category 3803 (Adapter - Củ Sạc) - Trang 10
2026-02-28 16:14:58 [INFO] crawler.scraper:   Đang quét category 3803 (Adapter - Củ Sạc) - Trang 11
2026-02-28 16:15:00 [INFO] crawler.scraper:   Đang quét category 3803 (Adapter - Củ Sạc) - Trang 12
2026-02-28 16:15:03 [INFO] crawler.scraper:   Đang quét category 3803 (Adapter - Củ Sạc) - Trang 13
2026-02-28 16:15:06 [INFO] crawler.scraper:   Đang quét category 3803 (Adapter - Củ Sạc) - Trang 14
2026-02-28 16:15:09 [INFO] crawler.scraper:   Đang quét category 3803 (Adapter - Củ Sạc) - Trang 15
2026-02-28 16:15:12 [INFO] crawler.scraper:   Đang quét category 3803 (Adapter - Củ Sạc) - Trang 16
2026-02-28 16:15:14 [INFO] crawler.scraper:   Đang quét category 3803 (Adapter - Củ Sạc) - Trang 17
2026-02-28 16:15:17 [INFO] crawler.scraper:   Đang quét category 3803 (Adapter - Củ Sạc) - Trang 18
2026-02-28 16:15:20 [INFO] crawler.scraper:   Đang quét category 3803 (Adapter - Củ Sạc) - Trang 19
2026-02-28 16:15:23 [INFO] crawler.scraper:   Đang quét category 3803 (Adapter - Củ Sạc) - Trang 20
2026-02-28 16:15:26 [INFO] crawler.scraper:   Đang quét category 3803 (Adapter - Củ Sạc) - Trang 21
2026-02-28 16:15:29 [INFO] crawler.scraper:   Đang quét category 3803 (Adapter - Củ Sạc) - Trang 22
2026-02-28 16:15:31 [INFO] crawler.scraper:   Đang quét category 3803 (Adapter - Củ Sạc) - Trang 23
2026-02-28 16:15:34 [INFO] crawler.scraper:   Đang quét category 3803 (Adapter - Củ Sạc) - Trang 24
2026-02-28 16:15:37 [INFO] crawler.scraper:   Đang quét category 3803 (Adapter - Củ Sạc) - Trang 25
2026-02-28 16:15:40 [INFO] crawler.scraper:   Đang quét category 3803 (Adapter - Củ Sạc) - Trang 26
2026-02-28 16:15:43 [INFO] crawler.scraper:   Đang quét category 3803 (Adapter - Củ Sạc) - Trang 27
2026-02-28 16:15:45 [INFO] crawler.scraper:   Đang quét category 3803 (Adapter - Củ Sạc) - Trang 28
2026-02-28 16:15:48 [INFO] crawler.scraper:   Đang quét category 3803 (Adapter - Củ Sạc) - Trang 29
2026-02-28 16:15:51 [INFO] crawler.scraper:   Đang quét category 3803 (Adapter - Củ Sạc) - Trang 30
2026-02-28 16:15:54 [INFO] crawler.scraper:   Đang quét category 3803 (Adapter - Củ Sạc) - Trang 31
2026-02-28 16:15:54 [INFO] crawler.scraper:   Đã đến trang cuối (31) của category 3803
2026-02-28 16:15:54 [INFO] crawler.storage: Upserted 1223 products (New: 0, Updated: 1223)
2026-02-28 16:15:54 [INFO] main:   -> Tìm thấy: 1223 | Mới: 0 | Cập nhật: 1223
2026-02-28 16:15:54 [INFO] main: 
2026-02-28 16:15:54 [INFO] main: [11/11] Crawling: Tai Nghe Có Dây (ID: 1804)
2026-02-28 16:15:54 [INFO] crawler.scraper:   Đang quét category 1804 (Tai Nghe Có Dây) - Trang 1
2026-02-28 16:15:57 [INFO] crawler.scraper:   Đang quét category 1804 (Tai Nghe Có Dây) - Trang 2
2026-02-28 16:16:00 [INFO] crawler.scraper:   Đang quét category 1804 (Tai Nghe Có Dây) - Trang 3
2026-02-28 16:16:02 [INFO] crawler.scraper:   Đang quét category 1804 (Tai Nghe Có Dây) - Trang 4
2026-02-28 16:16:05 [INFO] crawler.scraper:   Đang quét category 1804 (Tai Nghe Có Dây) - Trang 5
2026-02-28 16:16:08 [INFO] crawler.scraper:   Đang quét category 1804 (Tai Nghe Có Dây) - Trang 6
2026-02-28 16:16:11 [INFO] crawler.scraper:   Đang quét category 1804 (Tai Nghe Có Dây) - Trang 7
2026-02-28 16:16:11 [INFO] crawler.scraper:   Đã đến trang cuối (7) của category 1804
2026-02-28 16:16:11 [INFO] crawler.storage: Upserted 279 products (New: 0, Updated: 279)
2026-02-28 16:16:11 [INFO] main:   -> Tìm thấy: 279 | Mới: 0 | Cập nhật: 279
2026-02-28 16:16:11 [INFO] main: 
2026-02-28 16:16:11 [INFO] main: ============================================================
2026-02-28 16:16:11 [INFO] main: PHASE 3: Lưu trữ & Export dữ liệu
2026-02-28 16:16:11 [INFO] main: ============================================================
2026-02-28 16:16:11 [INFO] crawler.storage: Crawl run completed: run_20260228_160512
2026-02-28 16:16:11 [INFO] crawler.storage: Exported 9662 products -> data/tiki_electronics_2026_clean.csv
2026-02-28 16:16:11 [INFO] main: 
2026-02-28 16:16:11 [INFO] main: ============================================================
2026-02-28 16:16:11 [INFO] main: CRAWL HOÀN THÀNH!
2026-02-28 16:16:11 [INFO] main: ============================================================
2026-02-28 16:16:11 [INFO] main: Run ID:             run_20260228_160512
2026-02-28 16:16:11 [INFO] main: Categories crawled: 11
2026-02-28 16:16:11 [INFO] main: Sản phẩm lần này:   9,654 (Mới: 23 | Cập nhật: 9,631)
2026-02-28 16:16:11 [INFO] main: Tổng trong DB:      9,662
2026-02-28 16:16:11 [INFO] main: Thương hiệu:        419
2026-02-28 16:16:11 [INFO] main: 
2026-02-28 16:16:11 [INFO] main: Phân bố Brand Type:
2026-02-28 16:16:11 [INFO] main:   Global_Brand        :  4,432 (45.9%)
2026-02-28 16:16:11 [INFO] main:   Local_Generic       :  5,148 (53.3%)
2026-02-28 16:16:11 [INFO] main:   OEM_Generic         :     82 (0.8%)
2026-02-28 16:16:11 [INFO] main: 
2026-02-28 16:16:11 [INFO] main: Output files:
2026-02-28 16:16:11 [INFO] main:   SQLite: data/tiki_electronics_2026.db
2026-02-28 16:16:11 [INFO] main:   CSV:    data/tiki_electronics_2026_clean.csv (9,662 records)
2026-02-28 16:16:11 [INFO] main:   Log:    logs/crawl_20260228_160512.log
2026-02-28 16:16:11 [INFO] main: ============================================================
2026-02-28 16:16:11 [INFO] crawler.storage: Database connection closed.
