2026-03-11 17:57:19 [INFO] main: Loading config: config.json
2026-03-11 17:57:19 [INFO] main: ============================================================
2026-03-11 17:57:19 [INFO] main: PROJECT: Tiki Electronics Market Research 2026
2026-03-11 17:57:19 [INFO] main: RUN ID:  run_20260311_175719
2026-03-11 17:57:19 [INFO] main: LOG:     logs/crawl_20260311_175719.log
2026-03-11 17:57:19 [INFO] main: ============================================================
2026-03-11 17:57:19 [INFO] crawler.brand_classifier: BrandClassifier initialized: 110 global brands, 8 OEM indicators
2026-03-11 17:57:19 [INFO] crawler.scraper: TikiScraper initialized: max_pages=50, delay=2.5s
2026-03-11 17:57:19 [INFO] crawler.storage: SQLite database initialized: data/tiki_electronics_2026.db
2026-03-11 17:57:19 [INFO] crawler.storage: Crawl run started: run_20260311_175719
2026-03-11 17:57:19 [INFO] main: 
2026-03-11 17:57:19 [INFO] main: ============================================================
2026-03-11 17:57:19 [INFO] main: PHASE 1: Dò tìm tất cả Leaf Categories (Sub-category sâu nhất)
2026-03-11 17:57:19 [INFO] main: ============================================================
2026-03-11 17:57:19 [INFO] main: 
2026-03-11 17:57:19 [INFO] main: Scanning: Linh kiện máy tính (ID: 8129) - Nhóm lõi: RAM, CPU, Mainboard, VGA, PSU, Case, SSD, HDD, Tản nhiệt, Quạt...
2026-03-11 17:57:19 [INFO] crawler.category_mapper: Bắt đầu dò tìm leaf categories cho parent ID: 8129
2026-03-11 17:57:20 [INFO] crawler.category_mapper: Tìm thấy 1 leaf categories dưới parent 8129
2026-03-11 17:57:20 [INFO] main: 
2026-03-11 17:57:20 [INFO] main: Scanning: Thiết bị mạng (ID: 2663) - Nhóm bổ trợ: Router, Switch, Access Point, Card mạng, Modem...
2026-03-11 17:57:20 [INFO] crawler.category_mapper: Bắt đầu dò tìm leaf categories cho parent ID: 2663
2026-03-11 17:57:20 [INFO] crawler.category_mapper: Tìm thấy 1 leaf categories dưới parent 2663
2026-03-11 17:57:20 [INFO] main: 
2026-03-11 17:57:20 [INFO] main: Scanning: Thiết Bị Số - Phụ Kiện Số (ID: 1815) - 
2026-03-11 17:57:20 [INFO] crawler.category_mapper: Bắt đầu dò tìm leaf categories cho parent ID: 1815
2026-03-11 17:57:21 [INFO] crawler.category_mapper: Tìm thấy 1 leaf categories dưới parent 1815
2026-03-11 17:57:21 [INFO] main: 
2026-03-11 17:57:21 [INFO] main: Scanning: Thiết bị lưu trữ (ID: 8060) - Ổ cứng gắn ngoài, USB, Thẻ nhớ (Nơi chứa rất nhiều USB/Thẻ nhớ OEM/Fake)
2026-03-11 17:57:21 [INFO] crawler.category_mapper: Bắt đầu dò tìm leaf categories cho parent ID: 8060
2026-03-11 17:57:21 [INFO] crawler.category_mapper: Tìm thấy 1 leaf categories dưới parent 8060
2026-03-11 17:57:21 [INFO] main: 
2026-03-11 17:57:21 [INFO] main: Scanning: Phụ Kiện Phím Chuột Chơi Game (ID: 28692) - Bàn phím, Chuột, Lót chuột
2026-03-11 17:57:21 [INFO] crawler.category_mapper: Bắt đầu dò tìm leaf categories cho parent ID: 28692
2026-03-11 17:57:22 [INFO] crawler.category_mapper: Tìm thấy 1 leaf categories dưới parent 28692
2026-03-11 17:57:22 [INFO] main: 
2026-03-11 17:57:22 [INFO] main: Scanning: Cáp chuyển đổi (ID: 12296) - 
2026-03-11 17:57:22 [INFO] crawler.category_mapper: Bắt đầu dò tìm leaf categories cho parent ID: 12296
2026-03-11 17:57:22 [INFO] crawler.category_mapper: Tìm thấy 1 leaf categories dưới parent 12296
2026-03-11 17:57:22 [INFO] main: 
2026-03-11 17:57:22 [INFO] main: Scanning: Thẻ Nhớ và Bộ Nhớ Mở Rộng (ID: 28448) - 
2026-03-11 17:57:22 [INFO] crawler.category_mapper: Bắt đầu dò tìm leaf categories cho parent ID: 28448
2026-03-11 17:57:22 [INFO] crawler.category_mapper: Tìm thấy 1 leaf categories dưới parent 28448
2026-03-11 17:57:22 [INFO] main: 
2026-03-11 17:57:22 [INFO] main: Scanning: Tai Nghe Bluetooth, Tai Nghe True Wireless (ID: 1811) - 
2026-03-11 17:57:22 [INFO] crawler.category_mapper: Bắt đầu dò tìm leaf categories cho parent ID: 1811
2026-03-11 17:57:23 [INFO] crawler.category_mapper: Tìm thấy 1 leaf categories dưới parent 1811
2026-03-11 17:57:23 [INFO] main: 
2026-03-11 17:57:23 [INFO] main: Scanning: Pin dự phòng (ID: 1821) - 
2026-03-11 17:57:23 [INFO] crawler.category_mapper: Bắt đầu dò tìm leaf categories cho parent ID: 1821
2026-03-11 17:57:23 [INFO] crawler.category_mapper: Tìm thấy 1 leaf categories dưới parent 1821
2026-03-11 17:57:23 [INFO] main: 
2026-03-11 17:57:23 [INFO] main: Scanning: Cáp chuyển đổi (ID: 1823) - 
2026-03-11 17:57:23 [INFO] crawler.category_mapper: Bắt đầu dò tìm leaf categories cho parent ID: 1823
2026-03-11 17:57:24 [INFO] crawler.category_mapper: Tìm thấy 1 leaf categories dưới parent 1823
2026-03-11 17:57:24 [INFO] main: 
2026-03-11 17:57:24 [INFO] main: Scanning: Adapter - Củ Sạc (ID: 3803) - 
2026-03-11 17:57:24 [INFO] crawler.category_mapper: Bắt đầu dò tìm leaf categories cho parent ID: 3803
2026-03-11 17:57:24 [INFO] crawler.category_mapper: Tìm thấy 1 leaf categories dưới parent 3803
2026-03-11 17:57:24 [INFO] main: 
2026-03-11 17:57:24 [INFO] main: Scanning: Tai Nghe Có Dây (ID: 1804) - 
2026-03-11 17:57:24 [INFO] crawler.category_mapper: Bắt đầu dò tìm leaf categories cho parent ID: 1804
2026-03-11 17:57:25 [INFO] crawler.category_mapper: Tìm thấy 1 leaf categories dưới parent 1804
2026-03-11 17:57:25 [INFO] main: 
2026-03-11 17:57:25 [INFO] main: TỔNG CỘNG: 12 leaf categories (đã loại trùng từ 12)
2026-03-11 17:57:25 [INFO] main:   [  8129] Linh Kiện Máy Tính - Phụ Kiện Máy Tính
2026-03-11 17:57:25 [INFO] main:   [  2663] Thiết Bị Mạng
2026-03-11 17:57:25 [INFO] main:   [  1815] Thiết Bị Số - Phụ Kiện Số
2026-03-11 17:57:25 [INFO] main:   [  8060] Thiết Bị Lưu Trữ
2026-03-11 17:57:25 [INFO] main:   [ 28692] Phụ Kiện Phím Chuột Chơi Game
2026-03-11 17:57:25 [INFO] main:   [ 12296] Các Loại Cáp Chuyển Đổi
2026-03-11 17:57:25 [INFO] main:   [ 28448] Thẻ Nhớ và Bộ Nhớ Mở Rộng
2026-03-11 17:57:25 [INFO] main:   [  1811] Tai Nghe Bluetooth
2026-03-11 17:57:25 [INFO] main:   [  1821] Pin Sạc Dự Phòng
2026-03-11 17:57:25 [INFO] main:   [  1823] Dây Sạc - Dây Cáp
2026-03-11 17:57:25 [INFO] main:   [  3803] Adapter - Củ Sạc
2026-03-11 17:57:25 [INFO] main:   [  1804] Tai Nghe Có Dây
2026-03-11 17:57:25 [INFO] main: 
2026-03-11 17:57:25 [INFO] main: ============================================================
2026-03-11 17:57:25 [INFO] main: PHASE 2: Crawl sản phẩm + Phân loại Brand Type real-time
2026-03-11 17:57:25 [INFO] main: ============================================================
2026-03-11 17:57:25 [INFO] main: 
2026-03-11 17:57:25 [INFO] main: [1/12] Crawling: Linh Kiện Máy Tính - Phụ Kiện Máy Tính (ID: 8129)
2026-03-11 17:57:25 [INFO] crawler.scraper:   Đang quét category 8129 (Linh Kiện Máy Tính - Phụ Kiện Máy Tính) - Trang 1
2026-03-11 17:57:28 [INFO] crawler.scraper:   Đang quét category 8129 (Linh Kiện Máy Tính - Phụ Kiện Máy Tính) - Trang 2
2026-03-11 17:57:31 [INFO] crawler.scraper:   Đang quét category 8129 (Linh Kiện Máy Tính - Phụ Kiện Máy Tính) - Trang 3
2026-03-11 17:57:33 [INFO] crawler.scraper:   Đang quét category 8129 (Linh Kiện Máy Tính - Phụ Kiện Máy Tính) - Trang 4
2026-03-11 17:57:36 [INFO] crawler.scraper:   Đang quét category 8129 (Linh Kiện Máy Tính - Phụ Kiện Máy Tính) - Trang 5
2026-03-11 17:57:39 [INFO] crawler.scraper:   Đang quét category 8129 (Linh Kiện Máy Tính - Phụ Kiện Máy Tính) - Trang 6
2026-03-11 17:57:42 [INFO] crawler.scraper:   Đang quét category 8129 (Linh Kiện Máy Tính - Phụ Kiện Máy Tính) - Trang 7
2026-03-11 17:57:44 [INFO] crawler.scraper:   Đang quét category 8129 (Linh Kiện Máy Tính - Phụ Kiện Máy Tính) - Trang 8
2026-03-11 17:57:47 [INFO] crawler.scraper:   Đang quét category 8129 (Linh Kiện Máy Tính - Phụ Kiện Máy Tính) - Trang 9
2026-03-11 17:57:50 [INFO] crawler.scraper:   Đang quét category 8129 (Linh Kiện Máy Tính - Phụ Kiện Máy Tính) - Trang 10
2026-03-11 17:57:53 [INFO] crawler.scraper:   Đang quét category 8129 (Linh Kiện Máy Tính - Phụ Kiện Máy Tính) - Trang 11
2026-03-11 17:57:55 [INFO] crawler.scraper:   Đang quét category 8129 (Linh Kiện Máy Tính - Phụ Kiện Máy Tính) - Trang 12
2026-03-11 17:57:58 [INFO] crawler.scraper:   Đang quét category 8129 (Linh Kiện Máy Tính - Phụ Kiện Máy Tính) - Trang 13
2026-03-11 17:58:01 [INFO] crawler.scraper:   Đang quét category 8129 (Linh Kiện Máy Tính - Phụ Kiện Máy Tính) - Trang 14
2026-03-11 17:58:04 [INFO] crawler.scraper:   Đang quét category 8129 (Linh Kiện Máy Tính - Phụ Kiện Máy Tính) - Trang 15
2026-03-11 17:58:06 [INFO] crawler.scraper:   Đang quét category 8129 (Linh Kiện Máy Tính - Phụ Kiện Máy Tính) - Trang 16
2026-03-11 17:58:09 [INFO] crawler.scraper:   Đang quét category 8129 (Linh Kiện Máy Tính - Phụ Kiện Máy Tính) - Trang 17
2026-03-11 17:58:12 [INFO] crawler.scraper:   Đang quét category 8129 (Linh Kiện Máy Tính - Phụ Kiện Máy Tính) - Trang 18
2026-03-11 17:58:15 [INFO] crawler.scraper:   Đang quét category 8129 (Linh Kiện Máy Tính - Phụ Kiện Máy Tính) - Trang 19
2026-03-11 17:58:18 [INFO] crawler.scraper:   Đang quét category 8129 (Linh Kiện Máy Tính - Phụ Kiện Máy Tính) - Trang 20
2026-03-11 17:58:20 [INFO] crawler.scraper:   Đang quét category 8129 (Linh Kiện Máy Tính - Phụ Kiện Máy Tính) - Trang 21
2026-03-11 17:58:23 [INFO] crawler.scraper:   Đang quét category 8129 (Linh Kiện Máy Tính - Phụ Kiện Máy Tính) - Trang 22
2026-03-11 17:58:26 [INFO] crawler.scraper:   Đang quét category 8129 (Linh Kiện Máy Tính - Phụ Kiện Máy Tính) - Trang 23
2026-03-11 17:58:29 [INFO] crawler.scraper:   Đang quét category 8129 (Linh Kiện Máy Tính - Phụ Kiện Máy Tính) - Trang 24
2026-03-11 17:58:32 [INFO] crawler.scraper:   Đang quét category 8129 (Linh Kiện Máy Tính - Phụ Kiện Máy Tính) - Trang 25
2026-03-11 17:58:34 [INFO] crawler.scraper:   Đang quét category 8129 (Linh Kiện Máy Tính - Phụ Kiện Máy Tính) - Trang 26
2026-03-11 17:58:38 [INFO] crawler.scraper:   Đang quét category 8129 (Linh Kiện Máy Tính - Phụ Kiện Máy Tính) - Trang 27
2026-03-11 17:58:41 [INFO] crawler.scraper:   Đang quét category 8129 (Linh Kiện Máy Tính - Phụ Kiện Máy Tính) - Trang 28
2026-03-11 17:58:44 [INFO] crawler.scraper:   Đang quét category 8129 (Linh Kiện Máy Tính - Phụ Kiện Máy Tính) - Trang 29
2026-03-11 17:58:46 [INFO] crawler.scraper:   Đang quét category 8129 (Linh Kiện Máy Tính - Phụ Kiện Máy Tính) - Trang 30
2026-03-11 17:58:49 [INFO] crawler.scraper:   Đang quét category 8129 (Linh Kiện Máy Tính - Phụ Kiện Máy Tính) - Trang 31
2026-03-11 17:58:52 [INFO] crawler.scraper:   Đang quét category 8129 (Linh Kiện Máy Tính - Phụ Kiện Máy Tính) - Trang 32
2026-03-11 17:58:55 [INFO] crawler.scraper:   Đang quét category 8129 (Linh Kiện Máy Tính - Phụ Kiện Máy Tính) - Trang 33
2026-03-11 17:58:57 [INFO] crawler.scraper:   Đang quét category 8129 (Linh Kiện Máy Tính - Phụ Kiện Máy Tính) - Trang 34
2026-03-11 17:59:00 [INFO] crawler.scraper:   Đang quét category 8129 (Linh Kiện Máy Tính - Phụ Kiện Máy Tính) - Trang 35
2026-03-11 17:59:03 [INFO] crawler.scraper:   Đang quét category 8129 (Linh Kiện Máy Tính - Phụ Kiện Máy Tính) - Trang 36
2026-03-11 17:59:06 [INFO] crawler.scraper:   Đang quét category 8129 (Linh Kiện Máy Tính - Phụ Kiện Máy Tính) - Trang 37
2026-03-11 17:59:09 [INFO] crawler.scraper:   Đang quét category 8129 (Linh Kiện Máy Tính - Phụ Kiện Máy Tính) - Trang 38
2026-03-11 17:59:11 [INFO] crawler.scraper:   Đang quét category 8129 (Linh Kiện Máy Tính - Phụ Kiện Máy Tính) - Trang 39
2026-03-11 17:59:14 [INFO] crawler.scraper:   Đang quét category 8129 (Linh Kiện Máy Tính - Phụ Kiện Máy Tính) - Trang 40
2026-03-11 17:59:17 [INFO] crawler.scraper:   Đang quét category 8129 (Linh Kiện Máy Tính - Phụ Kiện Máy Tính) - Trang 41
2026-03-11 17:59:20 [INFO] crawler.scraper:   Đang quét category 8129 (Linh Kiện Máy Tính - Phụ Kiện Máy Tính) - Trang 42
2026-03-11 17:59:22 [INFO] crawler.scraper:   Đang quét category 8129 (Linh Kiện Máy Tính - Phụ Kiện Máy Tính) - Trang 43
2026-03-11 17:59:25 [INFO] crawler.scraper:   Đang quét category 8129 (Linh Kiện Máy Tính - Phụ Kiện Máy Tính) - Trang 44
2026-03-11 17:59:28 [INFO] crawler.scraper:   Đang quét category 8129 (Linh Kiện Máy Tính - Phụ Kiện Máy Tính) - Trang 45
2026-03-11 17:59:31 [INFO] crawler.scraper:   Đang quét category 8129 (Linh Kiện Máy Tính - Phụ Kiện Máy Tính) - Trang 46
2026-03-11 17:59:33 [INFO] crawler.scraper:   Đang quét category 8129 (Linh Kiện Máy Tính - Phụ Kiện Máy Tính) - Trang 47
2026-03-11 17:59:36 [INFO] crawler.scraper:   Đang quét category 8129 (Linh Kiện Máy Tính - Phụ Kiện Máy Tính) - Trang 48
2026-03-11 17:59:39 [INFO] crawler.scraper:   Đang quét category 8129 (Linh Kiện Máy Tính - Phụ Kiện Máy Tính) - Trang 49
2026-03-11 17:59:42 [INFO] crawler.scraper:   Đang quét category 8129 (Linh Kiện Máy Tính - Phụ Kiện Máy Tính) - Trang 50
2026-03-11 17:59:42 [INFO] crawler.scraper:   Đã đến trang cuối (50) của category 8129
2026-03-11 17:59:42 [INFO] crawler.storage: Upserted 2000 products (New: 2000, Updated: 0)
2026-03-11 17:59:42 [INFO] main:   -> Tìm thấy: 2000 | Mới: 2000 | Cập nhật: 0
2026-03-11 17:59:42 [INFO] main: 
2026-03-11 17:59:42 [INFO] main: [2/12] Crawling: Thiết Bị Mạng (ID: 2663)
2026-03-11 17:59:42 [INFO] crawler.scraper:   Đang quét category 2663 (Thiết Bị Mạng) - Trang 1
2026-03-11 17:59:45 [INFO] crawler.scraper:   Đang quét category 2663 (Thiết Bị Mạng) - Trang 2
2026-03-11 17:59:47 [INFO] crawler.scraper:   Đang quét category 2663 (Thiết Bị Mạng) - Trang 3
2026-03-11 17:59:50 [INFO] crawler.scraper:   Đang quét category 2663 (Thiết Bị Mạng) - Trang 4
2026-03-11 17:59:53 [INFO] crawler.scraper:   Đang quét category 2663 (Thiết Bị Mạng) - Trang 5
2026-03-11 17:59:56 [INFO] crawler.scraper:   Đang quét category 2663 (Thiết Bị Mạng) - Trang 6
2026-03-11 17:59:58 [INFO] crawler.scraper:   Đang quét category 2663 (Thiết Bị Mạng) - Trang 7
2026-03-11 18:00:01 [INFO] crawler.scraper:   Đang quét category 2663 (Thiết Bị Mạng) - Trang 8
2026-03-11 18:00:04 [INFO] crawler.scraper:   Đang quét category 2663 (Thiết Bị Mạng) - Trang 9
2026-03-11 18:00:07 [INFO] crawler.scraper:   Đang quét category 2663 (Thiết Bị Mạng) - Trang 10
2026-03-11 18:00:10 [INFO] crawler.scraper:   Đang quét category 2663 (Thiết Bị Mạng) - Trang 11
2026-03-11 18:00:13 [INFO] crawler.scraper:   Đang quét category 2663 (Thiết Bị Mạng) - Trang 12
2026-03-11 18:00:15 [INFO] crawler.scraper:   Đang quét category 2663 (Thiết Bị Mạng) - Trang 13
2026-03-11 18:00:18 [INFO] crawler.scraper:   Đang quét category 2663 (Thiết Bị Mạng) - Trang 14
2026-03-11 18:00:21 [INFO] crawler.scraper:   Đang quét category 2663 (Thiết Bị Mạng) - Trang 15
2026-03-11 18:00:24 [INFO] crawler.scraper:   Đang quét category 2663 (Thiết Bị Mạng) - Trang 16
2026-03-11 18:00:27 [INFO] crawler.scraper:   Đang quét category 2663 (Thiết Bị Mạng) - Trang 17
2026-03-11 18:00:29 [INFO] crawler.scraper:   Đang quét category 2663 (Thiết Bị Mạng) - Trang 18
2026-03-11 18:00:32 [INFO] crawler.scraper:   Đang quét category 2663 (Thiết Bị Mạng) - Trang 19
2026-03-11 18:00:35 [INFO] crawler.scraper:   Đang quét category 2663 (Thiết Bị Mạng) - Trang 20
2026-03-11 18:00:38 [INFO] crawler.scraper:   Đang quét category 2663 (Thiết Bị Mạng) - Trang 21
2026-03-11 18:00:41 [INFO] crawler.scraper:   Đang quét category 2663 (Thiết Bị Mạng) - Trang 22
2026-03-11 18:00:43 [INFO] crawler.scraper:   Đang quét category 2663 (Thiết Bị Mạng) - Trang 23
2026-03-11 18:00:46 [INFO] crawler.scraper:   Đang quét category 2663 (Thiết Bị Mạng) - Trang 24
2026-03-11 18:00:49 [INFO] crawler.scraper:   Đang quét category 2663 (Thiết Bị Mạng) - Trang 25
2026-03-11 18:00:52 [INFO] crawler.scraper:   Đang quét category 2663 (Thiết Bị Mạng) - Trang 26
2026-03-11 18:00:55 [INFO] crawler.scraper:   Đang quét category 2663 (Thiết Bị Mạng) - Trang 27
2026-03-11 18:00:57 [INFO] crawler.scraper:   Đang quét category 2663 (Thiết Bị Mạng) - Trang 28
2026-03-11 18:01:00 [INFO] crawler.scraper:   Đang quét category 2663 (Thiết Bị Mạng) - Trang 29
2026-03-11 18:01:03 [INFO] crawler.scraper:   Đang quét category 2663 (Thiết Bị Mạng) - Trang 30
2026-03-11 18:01:06 [INFO] crawler.scraper:   Đang quét category 2663 (Thiết Bị Mạng) - Trang 31
2026-03-11 18:01:08 [INFO] crawler.scraper:   Đang quét category 2663 (Thiết Bị Mạng) - Trang 32
2026-03-11 18:01:11 [INFO] crawler.scraper:   Đang quét category 2663 (Thiết Bị Mạng) - Trang 33
2026-03-11 18:01:14 [INFO] crawler.scraper:   Đang quét category 2663 (Thiết Bị Mạng) - Trang 34
2026-03-11 18:01:17 [INFO] crawler.scraper:   Đang quét category 2663 (Thiết Bị Mạng) - Trang 35
2026-03-11 18:01:19 [INFO] crawler.scraper:   Đang quét category 2663 (Thiết Bị Mạng) - Trang 36
2026-03-11 18:01:22 [INFO] crawler.scraper:   Đang quét category 2663 (Thiết Bị Mạng) - Trang 37
2026-03-11 18:01:22 [INFO] crawler.scraper:   Đã đến trang cuối (37) của category 2663
2026-03-11 18:01:22 [INFO] crawler.storage: Upserted 1454 products (New: 1452, Updated: 2)
2026-03-11 18:01:22 [INFO] main:   -> Tìm thấy: 1454 | Mới: 1452 | Cập nhật: 2
2026-03-11 18:01:22 [INFO] main: 
2026-03-11 18:01:22 [INFO] main: [3/12] Crawling: Thiết Bị Số - Phụ Kiện Số (ID: 1815)
2026-03-11 18:01:22 [INFO] crawler.scraper:   Đang quét category 1815 (Thiết Bị Số - Phụ Kiện Số) - Trang 1
2026-03-11 18:01:25 [INFO] crawler.scraper:   Đang quét category 1815 (Thiết Bị Số - Phụ Kiện Số) - Trang 2
2026-03-11 18:01:28 [INFO] crawler.scraper:   Đang quét category 1815 (Thiết Bị Số - Phụ Kiện Số) - Trang 3
2026-03-11 18:01:31 [INFO] crawler.scraper:   Đang quét category 1815 (Thiết Bị Số - Phụ Kiện Số) - Trang 4
2026-03-11 18:01:34 [INFO] crawler.scraper:   Đang quét category 1815 (Thiết Bị Số - Phụ Kiện Số) - Trang 5
2026-03-11 18:01:36 [INFO] crawler.scraper:   Đang quét category 1815 (Thiết Bị Số - Phụ Kiện Số) - Trang 6
2026-03-11 18:01:39 [INFO] crawler.scraper:   Đang quét category 1815 (Thiết Bị Số - Phụ Kiện Số) - Trang 7
2026-03-11 18:01:42 [INFO] crawler.scraper:   Đang quét category 1815 (Thiết Bị Số - Phụ Kiện Số) - Trang 8
2026-03-11 18:01:45 [INFO] crawler.scraper:   Đang quét category 1815 (Thiết Bị Số - Phụ Kiện Số) - Trang 9
2026-03-11 18:01:47 [INFO] crawler.scraper:   Đang quét category 1815 (Thiết Bị Số - Phụ Kiện Số) - Trang 10
2026-03-11 18:01:50 [INFO] crawler.scraper:   Đang quét category 1815 (Thiết Bị Số - Phụ Kiện Số) - Trang 11
2026-03-11 18:01:53 [INFO] crawler.scraper:   Đang quét category 1815 (Thiết Bị Số - Phụ Kiện Số) - Trang 12
2026-03-11 18:01:56 [INFO] crawler.scraper:   Đang quét category 1815 (Thiết Bị Số - Phụ Kiện Số) - Trang 13
2026-03-11 18:01:58 [INFO] crawler.scraper:   Đang quét category 1815 (Thiết Bị Số - Phụ Kiện Số) - Trang 14
2026-03-11 18:02:01 [INFO] crawler.scraper:   Đang quét category 1815 (Thiết Bị Số - Phụ Kiện Số) - Trang 15
2026-03-11 18:02:04 [INFO] crawler.scraper:   Đang quét category 1815 (Thiết Bị Số - Phụ Kiện Số) - Trang 16
2026-03-11 18:02:07 [INFO] crawler.scraper:   Đang quét category 1815 (Thiết Bị Số - Phụ Kiện Số) - Trang 17
2026-03-11 18:02:10 [INFO] crawler.scraper:   Đang quét category 1815 (Thiết Bị Số - Phụ Kiện Số) - Trang 18
2026-03-11 18:02:13 [INFO] crawler.scraper:   Đang quét category 1815 (Thiết Bị Số - Phụ Kiện Số) - Trang 19
2026-03-11 18:02:15 [INFO] crawler.scraper:   Đang quét category 1815 (Thiết Bị Số - Phụ Kiện Số) - Trang 20
2026-03-11 18:02:18 [INFO] crawler.scraper:   Đang quét category 1815 (Thiết Bị Số - Phụ Kiện Số) - Trang 21
2026-03-11 18:02:21 [INFO] crawler.scraper:   Đang quét category 1815 (Thiết Bị Số - Phụ Kiện Số) - Trang 22
2026-03-11 18:02:24 [INFO] crawler.scraper:   Đang quét category 1815 (Thiết Bị Số - Phụ Kiện Số) - Trang 23
2026-03-11 18:02:27 [INFO] crawler.scraper:   Đang quét category 1815 (Thiết Bị Số - Phụ Kiện Số) - Trang 24
2026-03-11 18:02:29 [INFO] crawler.scraper:   Đang quét category 1815 (Thiết Bị Số - Phụ Kiện Số) - Trang 25
2026-03-11 18:02:32 [INFO] crawler.scraper:   Đang quét category 1815 (Thiết Bị Số - Phụ Kiện Số) - Trang 26
2026-03-11 18:02:35 [INFO] crawler.scraper:   Đang quét category 1815 (Thiết Bị Số - Phụ Kiện Số) - Trang 27
2026-03-11 18:02:38 [INFO] crawler.scraper:   Đang quét category 1815 (Thiết Bị Số - Phụ Kiện Số) - Trang 28
2026-03-11 18:02:41 [INFO] crawler.scraper:   Đang quét category 1815 (Thiết Bị Số - Phụ Kiện Số) - Trang 29
2026-03-11 18:02:44 [INFO] crawler.scraper:   Đang quét category 1815 (Thiết Bị Số - Phụ Kiện Số) - Trang 30
2026-03-11 18:02:46 [INFO] crawler.scraper:   Đang quét category 1815 (Thiết Bị Số - Phụ Kiện Số) - Trang 31
2026-03-11 18:02:49 [INFO] crawler.scraper:   Đang quét category 1815 (Thiết Bị Số - Phụ Kiện Số) - Trang 32
2026-03-11 18:02:52 [INFO] crawler.scraper:   Đang quét category 1815 (Thiết Bị Số - Phụ Kiện Số) - Trang 33
2026-03-11 18:02:55 [INFO] crawler.scraper:   Đang quét category 1815 (Thiết Bị Số - Phụ Kiện Số) - Trang 34
2026-03-11 18:02:58 [INFO] crawler.scraper:   Đang quét category 1815 (Thiết Bị Số - Phụ Kiện Số) - Trang 35
2026-03-11 18:03:00 [INFO] crawler.scraper:   Đang quét category 1815 (Thiết Bị Số - Phụ Kiện Số) - Trang 36
2026-03-11 18:03:03 [INFO] crawler.scraper:   Đang quét category 1815 (Thiết Bị Số - Phụ Kiện Số) - Trang 37
2026-03-11 18:03:06 [INFO] crawler.scraper:   Đang quét category 1815 (Thiết Bị Số - Phụ Kiện Số) - Trang 38
2026-03-11 18:03:09 [INFO] crawler.scraper:   Đang quét category 1815 (Thiết Bị Số - Phụ Kiện Số) - Trang 39
2026-03-11 18:03:12 [INFO] crawler.scraper:   Đang quét category 1815 (Thiết Bị Số - Phụ Kiện Số) - Trang 40
2026-03-11 18:03:14 [INFO] crawler.scraper:   Đang quét category 1815 (Thiết Bị Số - Phụ Kiện Số) - Trang 41
2026-03-11 18:03:17 [INFO] crawler.scraper:   Đang quét category 1815 (Thiết Bị Số - Phụ Kiện Số) - Trang 42
2026-03-11 18:03:20 [INFO] crawler.scraper:   Đang quét category 1815 (Thiết Bị Số - Phụ Kiện Số) - Trang 43
2026-03-11 18:03:23 [INFO] crawler.scraper:   Đang quét category 1815 (Thiết Bị Số - Phụ Kiện Số) - Trang 44
2026-03-11 18:03:25 [INFO] crawler.scraper:   Đang quét category 1815 (Thiết Bị Số - Phụ Kiện Số) - Trang 45
2026-03-11 18:03:28 [INFO] crawler.scraper:   Đang quét category 1815 (Thiết Bị Số - Phụ Kiện Số) - Trang 46
2026-03-11 18:03:31 [INFO] crawler.scraper:   Đang quét category 1815 (Thiết Bị Số - Phụ Kiện Số) - Trang 47
2026-03-11 18:03:34 [INFO] crawler.scraper:   Đang quét category 1815 (Thiết Bị Số - Phụ Kiện Số) - Trang 48
2026-03-11 18:03:37 [INFO] crawler.scraper:   Đang quét category 1815 (Thiết Bị Số - Phụ Kiện Số) - Trang 49
2026-03-11 18:03:39 [INFO] crawler.scraper:   Đang quét category 1815 (Thiết Bị Số - Phụ Kiện Số) - Trang 50
2026-03-11 18:03:40 [INFO] crawler.scraper:   Đã đến trang cuối (50) của category 1815
2026-03-11 18:03:40 [INFO] crawler.storage: Upserted 2000 products (New: 1999, Updated: 1)
2026-03-11 18:03:40 [INFO] main:   -> Tìm thấy: 2000 | Mới: 1999 | Cập nhật: 1
2026-03-11 18:03:40 [INFO] main: 
2026-03-11 18:03:40 [INFO] main: [4/12] Crawling: Thiết Bị Lưu Trữ (ID: 8060)
2026-03-11 18:03:40 [INFO] crawler.scraper:   Đang quét category 8060 (Thiết Bị Lưu Trữ) - Trang 1
2026-03-11 18:03:43 [INFO] crawler.scraper:   Đang quét category 8060 (Thiết Bị Lưu Trữ) - Trang 2
2026-03-11 18:03:45 [INFO] crawler.scraper:   Đang quét category 8060 (Thiết Bị Lưu Trữ) - Trang 3
2026-03-11 18:03:48 [INFO] crawler.scraper:   Đang quét category 8060 (Thiết Bị Lưu Trữ) - Trang 4
2026-03-11 18:03:51 [INFO] crawler.scraper:   Đang quét category 8060 (Thiết Bị Lưu Trữ) - Trang 5
2026-03-11 18:03:54 [INFO] crawler.scraper:   Đang quét category 8060 (Thiết Bị Lưu Trữ) - Trang 6
2026-03-11 18:03:56 [INFO] crawler.scraper:   Đang quét category 8060 (Thiết Bị Lưu Trữ) - Trang 7
2026-03-11 18:03:59 [INFO] crawler.scraper:   Đang quét category 8060 (Thiết Bị Lưu Trữ) - Trang 8
2026-03-11 18:04:02 [INFO] crawler.scraper:   Đang quét category 8060 (Thiết Bị Lưu Trữ) - Trang 9
2026-03-11 18:04:02 [INFO] crawler.scraper:   Đã đến trang cuối (9) của category 8060
2026-03-11 18:04:02 [INFO] crawler.storage: Upserted 336 products (New: 336, Updated: 0)
2026-03-11 18:04:02 [INFO] main:   -> Tìm thấy: 336 | Mới: 336 | Cập nhật: 0
2026-03-11 18:04:02 [INFO] main: 
2026-03-11 18:04:02 [INFO] main: [5/12] Crawling: Phụ Kiện Phím Chuột Chơi Game (ID: 28692)
2026-03-11 18:04:02 [INFO] crawler.scraper:   Đang quét category 28692 (Phụ Kiện Phím Chuột Chơi Game) - Trang 1
2026-03-11 18:04:05 [INFO] crawler.scraper:   Đang quét category 28692 (Phụ Kiện Phím Chuột Chơi Game) - Trang 2
2026-03-11 18:04:07 [INFO] crawler.scraper:   Đang quét category 28692 (Phụ Kiện Phím Chuột Chơi Game) - Trang 3
2026-03-11 18:04:10 [INFO] crawler.scraper:   Đang quét category 28692 (Phụ Kiện Phím Chuột Chơi Game) - Trang 4
2026-03-11 18:04:13 [INFO] crawler.scraper:   Đang quét category 28692 (Phụ Kiện Phím Chuột Chơi Game) - Trang 5
2026-03-11 18:04:16 [INFO] crawler.scraper:   Đang quét category 28692 (Phụ Kiện Phím Chuột Chơi Game) - Trang 6
2026-03-11 18:04:19 [INFO] crawler.scraper:   Đang quét category 28692 (Phụ Kiện Phím Chuột Chơi Game) - Trang 7
2026-03-11 18:04:21 [INFO] crawler.scraper:   Đang quét category 28692 (Phụ Kiện Phím Chuột Chơi Game) - Trang 8
2026-03-11 18:04:24 [INFO] crawler.scraper:   Đang quét category 28692 (Phụ Kiện Phím Chuột Chơi Game) - Trang 9
2026-03-11 18:04:27 [INFO] crawler.scraper:   Đang quét category 28692 (Phụ Kiện Phím Chuột Chơi Game) - Trang 10
2026-03-11 18:04:27 [INFO] crawler.scraper:   Đã đến trang cuối (10) của category 28692
2026-03-11 18:04:27 [INFO] crawler.storage: Upserted 394 products (New: 367, Updated: 27)
2026-03-11 18:04:27 [INFO] main:   -> Tìm thấy: 394 | Mới: 367 | Cập nhật: 27
2026-03-11 18:04:27 [INFO] main: 
2026-03-11 18:04:27 [INFO] main: [6/12] Crawling: Các Loại Cáp Chuyển Đổi (ID: 12296)
2026-03-11 18:04:27 [INFO] crawler.scraper:   Đang quét category 12296 (Các Loại Cáp Chuyển Đổi) - Trang 1
2026-03-11 18:04:30 [INFO] crawler.scraper:   Đang quét category 12296 (Các Loại Cáp Chuyển Đổi) - Trang 2
2026-03-11 18:04:33 [INFO] crawler.scraper:   Đang quét category 12296 (Các Loại Cáp Chuyển Đổi) - Trang 3
2026-03-11 18:04:36 [INFO] crawler.scraper:   Đang quét category 12296 (Các Loại Cáp Chuyển Đổi) - Trang 4
2026-03-11 18:04:38 [INFO] crawler.scraper:   Đang quét category 12296 (Các Loại Cáp Chuyển Đổi) - Trang 5
2026-03-11 18:04:41 [INFO] crawler.scraper:   Đang quét category 12296 (Các Loại Cáp Chuyển Đổi) - Trang 6
2026-03-11 18:04:44 [INFO] crawler.scraper:   Đang quét category 12296 (Các Loại Cáp Chuyển Đổi) - Trang 7
2026-03-11 18:04:47 [INFO] crawler.scraper:   Đang quét category 12296 (Các Loại Cáp Chuyển Đổi) - Trang 8
2026-03-11 18:04:49 [INFO] crawler.scraper:   Đang quét category 12296 (Các Loại Cáp Chuyển Đổi) - Trang 9
2026-03-11 18:04:52 [INFO] crawler.scraper:   Đang quét category 12296 (Các Loại Cáp Chuyển Đổi) - Trang 10
2026-03-11 18:04:55 [INFO] crawler.scraper:   Đang quét category 12296 (Các Loại Cáp Chuyển Đổi) - Trang 11
2026-03-11 18:04:58 [INFO] crawler.scraper:   Đang quét category 12296 (Các Loại Cáp Chuyển Đổi) - Trang 12
2026-03-11 18:05:00 [INFO] crawler.scraper:   Đang quét category 12296 (Các Loại Cáp Chuyển Đổi) - Trang 13
2026-03-11 18:05:03 [INFO] crawler.scraper:   Đang quét category 12296 (Các Loại Cáp Chuyển Đổi) - Trang 14
2026-03-11 18:05:06 [INFO] crawler.scraper:   Đang quét category 12296 (Các Loại Cáp Chuyển Đổi) - Trang 15
2026-03-11 18:05:09 [INFO] crawler.scraper:   Đang quét category 12296 (Các Loại Cáp Chuyển Đổi) - Trang 16
2026-03-11 18:05:12 [INFO] crawler.scraper:   Đang quét category 12296 (Các Loại Cáp Chuyển Đổi) - Trang 17
2026-03-11 18:05:14 [INFO] crawler.scraper:   Đang quét category 12296 (Các Loại Cáp Chuyển Đổi) - Trang 18
2026-03-11 18:05:17 [INFO] crawler.scraper:   Đang quét category 12296 (Các Loại Cáp Chuyển Đổi) - Trang 19
2026-03-11 18:05:20 [INFO] crawler.scraper:   Đang quét category 12296 (Các Loại Cáp Chuyển Đổi) - Trang 20
2026-03-11 18:05:23 [INFO] crawler.scraper:   Đang quét category 12296 (Các Loại Cáp Chuyển Đổi) - Trang 21
2026-03-11 18:05:25 [INFO] crawler.scraper:   Đang quét category 12296 (Các Loại Cáp Chuyển Đổi) - Trang 22
2026-03-11 18:05:28 [INFO] crawler.scraper:   Đang quét category 12296 (Các Loại Cáp Chuyển Đổi) - Trang 23
2026-03-11 18:05:31 [INFO] crawler.scraper:   Đang quét category 12296 (Các Loại Cáp Chuyển Đổi) - Trang 24
2026-03-11 18:05:34 [INFO] crawler.scraper:   Đang quét category 12296 (Các Loại Cáp Chuyển Đổi) - Trang 25
2026-03-11 18:05:36 [INFO] crawler.scraper:   Đang quét category 12296 (Các Loại Cáp Chuyển Đổi) - Trang 26
2026-03-11 18:05:39 [INFO] crawler.scraper:   Đang quét category 12296 (Các Loại Cáp Chuyển Đổi) - Trang 27
2026-03-11 18:05:42 [INFO] crawler.scraper:   Đang quét category 12296 (Các Loại Cáp Chuyển Đổi) - Trang 28
2026-03-11 18:05:45 [INFO] crawler.scraper:   Đang quét category 12296 (Các Loại Cáp Chuyển Đổi) - Trang 29
2026-03-11 18:05:48 [INFO] crawler.scraper:   Đang quét category 12296 (Các Loại Cáp Chuyển Đổi) - Trang 30
2026-03-11 18:05:50 [INFO] crawler.scraper:   Đang quét category 12296 (Các Loại Cáp Chuyển Đổi) - Trang 31
2026-03-11 18:05:53 [INFO] crawler.scraper:   Đang quét category 12296 (Các Loại Cáp Chuyển Đổi) - Trang 32
2026-03-11 18:05:56 [INFO] crawler.scraper:   Đang quét category 12296 (Các Loại Cáp Chuyển Đổi) - Trang 33
2026-03-11 18:05:58 [INFO] crawler.scraper:   Đang quét category 12296 (Các Loại Cáp Chuyển Đổi) - Trang 34
2026-03-11 18:06:01 [INFO] crawler.scraper:   Đang quét category 12296 (Các Loại Cáp Chuyển Đổi) - Trang 35
2026-03-11 18:06:04 [INFO] crawler.scraper:   Đang quét category 12296 (Các Loại Cáp Chuyển Đổi) - Trang 36
2026-03-11 18:06:07 [INFO] crawler.scraper:   Đang quét category 12296 (Các Loại Cáp Chuyển Đổi) - Trang 37
2026-03-11 18:06:09 [INFO] crawler.scraper:   Đang quét category 12296 (Các Loại Cáp Chuyển Đổi) - Trang 38
2026-03-11 18:06:12 [INFO] crawler.scraper:   Đang quét category 12296 (Các Loại Cáp Chuyển Đổi) - Trang 39
2026-03-11 18:06:15 [INFO] crawler.scraper:   Đang quét category 12296 (Các Loại Cáp Chuyển Đổi) - Trang 40
2026-03-11 18:06:18 [INFO] crawler.scraper:   Đang quét category 12296 (Các Loại Cáp Chuyển Đổi) - Trang 41
2026-03-11 18:06:21 [INFO] crawler.scraper:   Đang quét category 12296 (Các Loại Cáp Chuyển Đổi) - Trang 42
2026-03-11 18:06:23 [INFO] crawler.scraper:   Đang quét category 12296 (Các Loại Cáp Chuyển Đổi) - Trang 43
2026-03-11 18:06:26 [INFO] crawler.scraper:   Đang quét category 12296 (Các Loại Cáp Chuyển Đổi) - Trang 44
2026-03-11 18:06:29 [INFO] crawler.scraper:   Đang quét category 12296 (Các Loại Cáp Chuyển Đổi) - Trang 45
2026-03-11 18:06:32 [INFO] crawler.scraper:   Đang quét category 12296 (Các Loại Cáp Chuyển Đổi) - Trang 46
2026-03-11 18:06:35 [INFO] crawler.scraper:   Đang quét category 12296 (Các Loại Cáp Chuyển Đổi) - Trang 47
2026-03-11 18:06:37 [INFO] crawler.scraper:   Đang quét category 12296 (Các Loại Cáp Chuyển Đổi) - Trang 48
2026-03-11 18:06:40 [INFO] crawler.scraper:   Đang quét category 12296 (Các Loại Cáp Chuyển Đổi) - Trang 49
2026-03-11 18:06:43 [INFO] crawler.scraper:   Đang quét category 12296 (Các Loại Cáp Chuyển Đổi) - Trang 50
2026-03-11 18:06:43 [INFO] crawler.scraper:   Đã đến trang cuối (50) của category 12296
2026-03-11 18:06:43 [INFO] crawler.storage: Upserted 2000 products (New: 1858, Updated: 142)
2026-03-11 18:06:43 [INFO] main:   -> Tìm thấy: 2000 | Mới: 1858 | Cập nhật: 142
2026-03-11 18:06:43 [INFO] main: 
2026-03-11 18:06:43 [INFO] main: [7/12] Crawling: Thẻ Nhớ và Bộ Nhớ Mở Rộng (ID: 28448)
2026-03-11 18:06:43 [INFO] crawler.scraper:   Đang quét category 28448 (Thẻ Nhớ và Bộ Nhớ Mở Rộng) - Trang 1
2026-03-11 18:06:46 [INFO] crawler.scraper:   Đang quét category 28448 (Thẻ Nhớ và Bộ Nhớ Mở Rộng) - Trang 2
2026-03-11 18:06:49 [INFO] crawler.scraper:   Đang quét category 28448 (Thẻ Nhớ và Bộ Nhớ Mở Rộng) - Trang 3
2026-03-11 18:06:49 [INFO] crawler.scraper:   Đã đến trang cuối (3) của category 28448
2026-03-11 18:06:49 [INFO] crawler.storage: Upserted 81 products (New: 41, Updated: 40)
2026-03-11 18:06:49 [INFO] main:   -> Tìm thấy: 81 | Mới: 41 | Cập nhật: 40
2026-03-11 18:06:49 [INFO] main: 
2026-03-11 18:06:49 [INFO] main: [8/12] Crawling: Tai Nghe Bluetooth (ID: 1811)
2026-03-11 18:06:49 [INFO] crawler.scraper:   Đang quét category 1811 (Tai Nghe Bluetooth) - Trang 1
2026-03-11 18:06:52 [INFO] crawler.scraper:   Đang quét category 1811 (Tai Nghe Bluetooth) - Trang 2
2026-03-11 18:06:54 [INFO] crawler.scraper:   Đang quét category 1811 (Tai Nghe Bluetooth) - Trang 3
2026-03-11 18:06:57 [INFO] crawler.scraper:   Đang quét category 1811 (Tai Nghe Bluetooth) - Trang 4
2026-03-11 18:07:00 [INFO] crawler.scraper:   Đang quét category 1811 (Tai Nghe Bluetooth) - Trang 5
2026-03-11 18:07:03 [INFO] crawler.scraper:   Đang quét category 1811 (Tai Nghe Bluetooth) - Trang 6
2026-03-11 18:07:05 [INFO] crawler.scraper:   Đang quét category 1811 (Tai Nghe Bluetooth) - Trang 7
2026-03-11 18:07:08 [INFO] crawler.scraper:   Đang quét category 1811 (Tai Nghe Bluetooth) - Trang 8
2026-03-11 18:07:11 [INFO] crawler.scraper:   Đang quét category 1811 (Tai Nghe Bluetooth) - Trang 9
2026-03-11 18:07:14 [INFO] crawler.scraper:   Đang quét category 1811 (Tai Nghe Bluetooth) - Trang 10
2026-03-11 18:07:16 [INFO] crawler.scraper:   Đang quét category 1811 (Tai Nghe Bluetooth) - Trang 11
2026-03-11 18:07:17 [INFO] crawler.scraper:   Đã đến trang cuối (11) của category 1811
2026-03-11 18:07:17 [INFO] crawler.storage: Upserted 421 products (New: 339, Updated: 82)
2026-03-11 18:07:17 [INFO] main:   -> Tìm thấy: 421 | Mới: 339 | Cập nhật: 82
2026-03-11 18:07:17 [INFO] main: 
2026-03-11 18:07:17 [INFO] main: [9/12] Crawling: Pin Sạc Dự Phòng (ID: 1821)
2026-03-11 18:07:17 [INFO] crawler.scraper:   Đang quét category 1821 (Pin Sạc Dự Phòng) - Trang 1
2026-03-11 18:07:20 [INFO] crawler.scraper:   Đang quét category 1821 (Pin Sạc Dự Phòng) - Trang 2
2026-03-11 18:07:22 [INFO] crawler.scraper:   Đang quét category 1821 (Pin Sạc Dự Phòng) - Trang 3
2026-03-11 18:07:25 [INFO] crawler.scraper:   Đang quét category 1821 (Pin Sạc Dự Phòng) - Trang 4
2026-03-11 18:07:28 [INFO] crawler.scraper:   Đang quét category 1821 (Pin Sạc Dự Phòng) - Trang 5
2026-03-11 18:07:31 [INFO] crawler.scraper:   Đang quét category 1821 (Pin Sạc Dự Phòng) - Trang 6
2026-03-11 18:07:33 [INFO] crawler.scraper:   Đang quét category 1821 (Pin Sạc Dự Phòng) - Trang 7
2026-03-11 18:07:36 [INFO] crawler.scraper:   Đang quét category 1821 (Pin Sạc Dự Phòng) - Trang 8
2026-03-11 18:07:39 [INFO] crawler.scraper:   Đang quét category 1821 (Pin Sạc Dự Phòng) - Trang 9
2026-03-11 18:07:39 [INFO] crawler.scraper:   Đã đến trang cuối (9) của category 1821
2026-03-11 18:07:39 [INFO] crawler.storage: Upserted 337 products (New: 297, Updated: 40)
2026-03-11 18:07:39 [INFO] main:   -> Tìm thấy: 337 | Mới: 297 | Cập nhật: 40
2026-03-11 18:07:39 [INFO] main: 
2026-03-11 18:07:39 [INFO] main: [10/12] Crawling: Dây Sạc - Dây Cáp (ID: 1823)
2026-03-11 18:07:39 [INFO] crawler.scraper:   Đang quét category 1823 (Dây Sạc - Dây Cáp) - Trang 1
2026-03-11 18:07:42 [INFO] crawler.scraper:   Đang quét category 1823 (Dây Sạc - Dây Cáp) - Trang 2
2026-03-11 18:07:45 [INFO] crawler.scraper:   Đang quét category 1823 (Dây Sạc - Dây Cáp) - Trang 3
2026-03-11 18:07:47 [INFO] crawler.scraper:   Đang quét category 1823 (Dây Sạc - Dây Cáp) - Trang 4
2026-03-11 18:07:50 [INFO] crawler.scraper:   Đang quét category 1823 (Dây Sạc - Dây Cáp) - Trang 5
2026-03-11 18:07:53 [INFO] crawler.scraper:   Đang quét category 1823 (Dây Sạc - Dây Cáp) - Trang 6
2026-03-11 18:07:56 [INFO] crawler.scraper:   Đang quét category 1823 (Dây Sạc - Dây Cáp) - Trang 7
2026-03-11 18:07:59 [INFO] crawler.scraper:   Đang quét category 1823 (Dây Sạc - Dây Cáp) - Trang 8
2026-03-11 18:08:01 [INFO] crawler.scraper:   Đang quét category 1823 (Dây Sạc - Dây Cáp) - Trang 9
2026-03-11 18:08:04 [INFO] crawler.scraper:   Đang quét category 1823 (Dây Sạc - Dây Cáp) - Trang 10
2026-03-11 18:08:07 [INFO] crawler.scraper:   Đang quét category 1823 (Dây Sạc - Dây Cáp) - Trang 11
2026-03-11 18:08:10 [INFO] crawler.scraper:   Đang quét category 1823 (Dây Sạc - Dây Cáp) - Trang 12
2026-03-11 18:08:13 [INFO] crawler.scraper:   Đang quét category 1823 (Dây Sạc - Dây Cáp) - Trang 13
2026-03-11 18:08:15 [INFO] crawler.scraper:   Đang quét category 1823 (Dây Sạc - Dây Cáp) - Trang 14
2026-03-11 18:08:18 [INFO] crawler.scraper:   Đang quét category 1823 (Dây Sạc - Dây Cáp) - Trang 15
2026-03-11 18:08:21 [INFO] crawler.scraper:   Đang quét category 1823 (Dây Sạc - Dây Cáp) - Trang 16
2026-03-11 18:08:24 [INFO] crawler.scraper:   Đang quét category 1823 (Dây Sạc - Dây Cáp) - Trang 17
2026-03-11 18:08:27 [INFO] crawler.scraper:   Đang quét category 1823 (Dây Sạc - Dây Cáp) - Trang 18
2026-03-11 18:08:29 [INFO] crawler.scraper:   Đang quét category 1823 (Dây Sạc - Dây Cáp) - Trang 19
2026-03-11 18:08:32 [INFO] crawler.scraper:   Đang quét category 1823 (Dây Sạc - Dây Cáp) - Trang 20
2026-03-11 18:08:35 [INFO] crawler.scraper:   Đang quét category 1823 (Dây Sạc - Dây Cáp) - Trang 21
2026-03-11 18:08:38 [INFO] crawler.scraper:   Đang quét category 1823 (Dây Sạc - Dây Cáp) - Trang 22
2026-03-11 18:08:40 [INFO] crawler.scraper:   Đang quét category 1823 (Dây Sạc - Dây Cáp) - Trang 23
2026-03-11 18:08:43 [INFO] crawler.scraper:   Đang quét category 1823 (Dây Sạc - Dây Cáp) - Trang 24
2026-03-11 18:08:46 [INFO] crawler.scraper:   Đang quét category 1823 (Dây Sạc - Dây Cáp) - Trang 25
2026-03-11 18:08:49 [INFO] crawler.scraper:   Đang quét category 1823 (Dây Sạc - Dây Cáp) - Trang 26
2026-03-11 18:08:52 [INFO] crawler.scraper:   Đang quét category 1823 (Dây Sạc - Dây Cáp) - Trang 27
2026-03-11 18:08:52 [INFO] crawler.scraper:   Đã đến trang cuối (27) của category 1823
2026-03-11 18:08:52 [INFO] crawler.storage: Upserted 1070 products (New: 942, Updated: 128)
2026-03-11 18:08:52 [INFO] main:   -> Tìm thấy: 1070 | Mới: 942 | Cập nhật: 128
2026-03-11 18:08:52 [INFO] main: 
2026-03-11 18:08:52 [INFO] main: [11/12] Crawling: Adapter - Củ Sạc (ID: 3803)
2026-03-11 18:08:52 [INFO] crawler.scraper:   Đang quét category 3803 (Adapter - Củ Sạc) - Trang 1
2026-03-11 18:08:55 [INFO] crawler.scraper:   Đang quét category 3803 (Adapter - Củ Sạc) - Trang 2
2026-03-11 18:08:57 [INFO] crawler.scraper:   Đang quét category 3803 (Adapter - Củ Sạc) - Trang 3
2026-03-11 18:09:00 [INFO] crawler.scraper:   Đang quét category 3803 (Adapter - Củ Sạc) - Trang 4
2026-03-11 18:09:03 [INFO] crawler.scraper:   Đang quét category 3803 (Adapter - Củ Sạc) - Trang 5
2026-03-11 18:09:06 [INFO] crawler.scraper:   Đang quét category 3803 (Adapter - Củ Sạc) - Trang 6
2026-03-11 18:09:09 [INFO] crawler.scraper:   Đang quét category 3803 (Adapter - Củ Sạc) - Trang 7
2026-03-11 18:09:11 [INFO] crawler.scraper:   Đang quét category 3803 (Adapter - Củ Sạc) - Trang 8
2026-03-11 18:09:14 [INFO] crawler.scraper:   Đang quét category 3803 (Adapter - Củ Sạc) - Trang 9
2026-03-11 18:09:17 [INFO] crawler.scraper:   Đang quét category 3803 (Adapter - Củ Sạc) - Trang 10
2026-03-11 18:09:20 [INFO] crawler.scraper:   Đang quét category 3803 (Adapter - Củ Sạc) - Trang 11
2026-03-11 18:09:23 [INFO] crawler.scraper:   Đang quét category 3803 (Adapter - Củ Sạc) - Trang 12
2026-03-11 18:09:25 [INFO] crawler.scraper:   Đang quét category 3803 (Adapter - Củ Sạc) - Trang 13
2026-03-11 18:09:28 [INFO] crawler.scraper:   Đang quét category 3803 (Adapter - Củ Sạc) - Trang 14
2026-03-11 18:09:31 [INFO] crawler.scraper:   Đang quét category 3803 (Adapter - Củ Sạc) - Trang 15
2026-03-11 18:09:34 [INFO] crawler.scraper:   Đang quét category 3803 (Adapter - Củ Sạc) - Trang 16
2026-03-11 18:09:36 [INFO] crawler.scraper:   Đang quét category 3803 (Adapter - Củ Sạc) - Trang 17
2026-03-11 18:09:39 [INFO] crawler.scraper:   Đang quét category 3803 (Adapter - Củ Sạc) - Trang 18
2026-03-11 18:09:42 [INFO] crawler.scraper:   Đang quét category 3803 (Adapter - Củ Sạc) - Trang 19
2026-03-11 18:09:45 [INFO] crawler.scraper:   Đang quét category 3803 (Adapter - Củ Sạc) - Trang 20
2026-03-11 18:09:48 [INFO] crawler.scraper:   Đang quét category 3803 (Adapter - Củ Sạc) - Trang 21
2026-03-11 18:09:50 [INFO] crawler.scraper:   Đang quét category 3803 (Adapter - Củ Sạc) - Trang 22
2026-03-11 18:09:53 [INFO] crawler.scraper:   Đang quét category 3803 (Adapter - Củ Sạc) - Trang 23
2026-03-11 18:09:56 [INFO] crawler.scraper:   Đang quét category 3803 (Adapter - Củ Sạc) - Trang 24
2026-03-11 18:09:59 [INFO] crawler.scraper:   Đang quét category 3803 (Adapter - Củ Sạc) - Trang 25
2026-03-11 18:10:01 [INFO] crawler.scraper:   Đang quét category 3803 (Adapter - Củ Sạc) - Trang 26
2026-03-11 18:10:04 [INFO] crawler.scraper:   Đang quét category 3803 (Adapter - Củ Sạc) - Trang 27
2026-03-11 18:10:07 [INFO] crawler.scraper:   Đang quét category 3803 (Adapter - Củ Sạc) - Trang 28
2026-03-11 18:10:10 [INFO] crawler.scraper:   Đang quét category 3803 (Adapter - Củ Sạc) - Trang 29
2026-03-11 18:10:13 [INFO] crawler.scraper:   Đang quét category 3803 (Adapter - Củ Sạc) - Trang 30
2026-03-11 18:10:15 [INFO] crawler.scraper:   Đang quét category 3803 (Adapter - Củ Sạc) - Trang 31
2026-03-11 18:10:16 [INFO] crawler.scraper:   Đã đến trang cuối (31) của category 3803
2026-03-11 18:10:16 [INFO] crawler.storage: Upserted 1212 products (New: 1114, Updated: 98)
2026-03-11 18:10:16 [INFO] main:   -> Tìm thấy: 1212 | Mới: 1114 | Cập nhật: 98
2026-03-11 18:10:16 [INFO] main: 
2026-03-11 18:10:16 [INFO] main: [12/12] Crawling: Tai Nghe Có Dây (ID: 1804)
2026-03-11 18:10:16 [INFO] crawler.scraper:   Đang quét category 1804 (Tai Nghe Có Dây) - Trang 1
2026-03-11 18:10:19 [INFO] crawler.scraper:   Đang quét category 1804 (Tai Nghe Có Dây) - Trang 2
2026-03-11 18:10:21 [INFO] crawler.scraper:   Đang quét category 1804 (Tai Nghe Có Dây) - Trang 3
2026-03-11 18:10:24 [INFO] crawler.scraper:   Đang quét category 1804 (Tai Nghe Có Dây) - Trang 4
2026-03-11 18:10:27 [INFO] crawler.scraper:   Đang quét category 1804 (Tai Nghe Có Dây) - Trang 5
2026-03-11 18:10:30 [INFO] crawler.scraper:   Đang quét category 1804 (Tai Nghe Có Dây) - Trang 6
2026-03-11 18:10:33 [INFO] crawler.scraper:   Đang quét category 1804 (Tai Nghe Có Dây) - Trang 7
2026-03-11 18:10:33 [INFO] crawler.scraper:   Đã đến trang cuối (7) của category 1804
2026-03-11 18:10:33 [INFO] crawler.storage: Upserted 271 products (New: 226, Updated: 45)
2026-03-11 18:10:33 [INFO] main:   -> Tìm thấy: 271 | Mới: 226 | Cập nhật: 45
2026-03-11 18:10:33 [INFO] main: 
2026-03-11 18:10:33 [INFO] main: ============================================================
2026-03-11 18:10:33 [INFO] main: PHASE 3: Lưu trữ & Export dữ liệu
2026-03-11 18:10:33 [INFO] main: ============================================================
2026-03-11 18:10:33 [INFO] crawler.storage: Crawl run completed: run_20260311_175719
2026-03-11 18:10:33 [INFO] crawler.storage: Exported 10971 products -> data/tiki_electronics_2026.csv
2026-03-11 18:10:33 [INFO] main: 
2026-03-11 18:10:33 [INFO] main: ============================================================
2026-03-11 18:10:33 [INFO] main: CRAWL HOÀN THÀNH!
2026-03-11 18:10:33 [INFO] main: ============================================================
2026-03-11 18:10:33 [INFO] main: Run ID:             run_20260311_175719
2026-03-11 18:10:33 [INFO] main: Categories crawled: 12
2026-03-11 18:10:33 [INFO] main: Sản phẩm lần này:   11,576 (Mới: 10,971 | Cập nhật: 605)
2026-03-11 18:10:33 [INFO] main: Tổng trong DB:      10,971
2026-03-11 18:10:33 [INFO] main: Thương hiệu:        539
2026-03-11 18:10:33 [INFO] main: 
2026-03-11 18:10:33 [INFO] main: Phân bố Brand Type:
2026-03-11 18:10:33 [INFO] main:   Global_Brand        :  4,514 (41.1%)
2026-03-11 18:10:33 [INFO] main:   Local_Generic       :  6,300 (57.4%)
2026-03-11 18:10:33 [INFO] main:   OEM_Generic         :    157 (1.4%)
2026-03-11 18:10:33 [INFO] main: 
2026-03-11 18:10:33 [INFO] main: Output files:
2026-03-11 18:10:33 [INFO] main:   SQLite: data/tiki_electronics_2026.db
2026-03-11 18:10:33 [INFO] main:   CSV:    data/tiki_electronics_2026.csv (10,971 records)
2026-03-11 18:10:33 [INFO] main:   Log:    logs/crawl_20260311_175719.log
2026-03-11 18:10:33 [INFO] main: ============================================================
2026-03-11 18:10:33 [INFO] crawler.storage: Database connection closed.
