2026-03-11 15:23:22 [INFO] main: Loading config: config.json
2026-03-11 15:23:22 [INFO] main: ============================================================
2026-03-11 15:23:22 [INFO] main: PROJECT: Tiki Electronics Market Research 2026
2026-03-11 15:23:22 [INFO] main: RUN ID:  run_20260311_152322
2026-03-11 15:23:22 [INFO] main: LOG:     logs/crawl_20260311_152322.log
2026-03-11 15:23:22 [INFO] main: ============================================================
2026-03-11 15:23:22 [INFO] crawler.brand_classifier: BrandClassifier initialized: 110 global brands, 8 OEM indicators
2026-03-11 15:23:22 [INFO] crawler.scraper: TikiScraper initialized: max_pages=50, delay=2.5s
2026-03-11 15:23:22 [INFO] crawler.storage: SQLite database initialized: data/tiki_electronics_2026.db
2026-03-11 15:23:22 [INFO] crawler.storage: Crawl run started: run_20260311_152322
2026-03-11 15:23:22 [INFO] main: 
2026-03-11 15:23:22 [INFO] main: ============================================================
2026-03-11 15:23:22 [INFO] main: PHASE 1: Dò tìm tất cả Leaf Categories (Sub-category sâu nhất)
2026-03-11 15:23:22 [INFO] main: ============================================================
2026-03-11 15:23:22 [INFO] main: 
2026-03-11 15:23:22 [INFO] main: Scanning: Linh kiện máy tính (ID: 8129) - Nhóm lõi: RAM, CPU, Mainboard, VGA, PSU, Case, SSD, HDD, Tản nhiệt, Quạt...
2026-03-11 15:23:22 [INFO] crawler.category_mapper: Bắt đầu dò tìm leaf categories cho parent ID: 8129
2026-03-11 15:23:23 [INFO] crawler.category_mapper: Tìm thấy 1 leaf categories dưới parent 8129
2026-03-11 15:23:23 [INFO] main: 
2026-03-11 15:23:23 [INFO] main: Scanning: Thiết bị mạng (ID: 2663) - Nhóm bổ trợ: Router, Switch, Access Point, Card mạng, Modem...
2026-03-11 15:23:23 [INFO] crawler.category_mapper: Bắt đầu dò tìm leaf categories cho parent ID: 2663
2026-03-11 15:23:24 [INFO] crawler.category_mapper: Tìm thấy 1 leaf categories dưới parent 2663
2026-03-11 15:23:24 [INFO] main: 
2026-03-11 15:23:24 [INFO] main: Scanning: Thiết Bị Số - Phụ Kiện Số (ID: 1815) - 
2026-03-11 15:23:24 [INFO] crawler.category_mapper: Bắt đầu dò tìm leaf categories cho parent ID: 1815
2026-03-11 15:23:25 [INFO] crawler.category_mapper: Tìm thấy 1 leaf categories dưới parent 1815
2026-03-11 15:23:25 [INFO] main: 
2026-03-11 15:23:25 [INFO] main: Scanning: Thiết bị lưu trữ (ID: 8060) - Ổ cứng gắn ngoài, USB, Thẻ nhớ (Nơi chứa rất nhiều USB/Thẻ nhớ OEM/Fake)
2026-03-11 15:23:25 [INFO] crawler.category_mapper: Bắt đầu dò tìm leaf categories cho parent ID: 8060
2026-03-11 15:23:25 [INFO] crawler.category_mapper: Tìm thấy 1 leaf categories dưới parent 8060
2026-03-11 15:23:25 [INFO] main: 
2026-03-11 15:23:25 [INFO] main: Scanning: Phụ Kiện Phím Chuột Chơi Game (ID: 28692) - Bàn phím, Chuột, Lót chuột
2026-03-11 15:23:25 [INFO] crawler.category_mapper: Bắt đầu dò tìm leaf categories cho parent ID: 28692
2026-03-11 15:23:26 [INFO] crawler.category_mapper: Tìm thấy 1 leaf categories dưới parent 28692
2026-03-11 15:23:26 [INFO] main: 
2026-03-11 15:23:26 [INFO] main: Scanning: Cáp chuyển đổi (ID: 12296) - 
2026-03-11 15:23:26 [INFO] crawler.category_mapper: Bắt đầu dò tìm leaf categories cho parent ID: 12296
2026-03-11 15:23:26 [INFO] crawler.category_mapper: Tìm thấy 1 leaf categories dưới parent 12296
2026-03-11 15:23:26 [INFO] main: 
2026-03-11 15:23:26 [INFO] main: Scanning: Thẻ Nhớ và Bộ Nhớ Mở Rộng (ID: 28448) - 
2026-03-11 15:23:26 [INFO] crawler.category_mapper: Bắt đầu dò tìm leaf categories cho parent ID: 28448
2026-03-11 15:23:27 [INFO] crawler.category_mapper: Tìm thấy 1 leaf categories dưới parent 28448
2026-03-11 15:23:27 [INFO] main: 
2026-03-11 15:23:27 [INFO] main: Scanning: Tai Nghe Bluetooth, Tai Nghe True Wireless (ID: 1811) - 
2026-03-11 15:23:27 [INFO] crawler.category_mapper: Bắt đầu dò tìm leaf categories cho parent ID: 1811
2026-03-11 15:23:28 [INFO] crawler.category_mapper: Tìm thấy 1 leaf categories dưới parent 1811
2026-03-11 15:23:28 [INFO] main: 
2026-03-11 15:23:28 [INFO] main: Scanning: Pin dự phòng (ID: 1821) - 
2026-03-11 15:23:28 [INFO] crawler.category_mapper: Bắt đầu dò tìm leaf categories cho parent ID: 1821
2026-03-11 15:23:30 [INFO] crawler.category_mapper: Tìm thấy 1 leaf categories dưới parent 1821
2026-03-11 15:23:30 [INFO] main: 
2026-03-11 15:23:30 [INFO] main: Scanning: Cáp chuyển đổi (ID: 1823) - 
2026-03-11 15:23:30 [INFO] crawler.category_mapper: Bắt đầu dò tìm leaf categories cho parent ID: 1823
2026-03-11 15:23:31 [INFO] crawler.category_mapper: Tìm thấy 1 leaf categories dưới parent 1823
2026-03-11 15:23:31 [INFO] main: 
2026-03-11 15:23:31 [INFO] main: Scanning: Adapter - Củ Sạc (ID: 3803) - 
2026-03-11 15:23:31 [INFO] crawler.category_mapper: Bắt đầu dò tìm leaf categories cho parent ID: 3803
2026-03-11 15:23:31 [INFO] crawler.category_mapper: Tìm thấy 1 leaf categories dưới parent 3803
2026-03-11 15:23:31 [INFO] main: 
2026-03-11 15:23:31 [INFO] main: Scanning: Tai Nghe Có Dây (ID: 1804) - 
2026-03-11 15:23:31 [INFO] crawler.category_mapper: Bắt đầu dò tìm leaf categories cho parent ID: 1804
2026-03-11 15:23:32 [INFO] crawler.category_mapper: Tìm thấy 1 leaf categories dưới parent 1804
2026-03-11 15:23:32 [INFO] main: 
2026-03-11 15:23:32 [INFO] main: TỔNG CỘNG: 12 leaf categories (đã loại trùng từ 12)
2026-03-11 15:23:32 [INFO] main:   [  8129] Linh Kiện Máy Tính - Phụ Kiện Máy Tính
2026-03-11 15:23:32 [INFO] main:   [  2663] Thiết Bị Mạng
2026-03-11 15:23:32 [INFO] main:   [  1815] Thiết Bị Số - Phụ Kiện Số
2026-03-11 15:23:32 [INFO] main:   [  8060] Thiết Bị Lưu Trữ
2026-03-11 15:23:32 [INFO] main:   [ 28692] Phụ Kiện Phím Chuột Chơi Game
2026-03-11 15:23:32 [INFO] main:   [ 12296] Các Loại Cáp Chuyển Đổi
2026-03-11 15:23:32 [INFO] main:   [ 28448] Thẻ Nhớ và Bộ Nhớ Mở Rộng
2026-03-11 15:23:32 [INFO] main:   [  1811] Tai Nghe Bluetooth
2026-03-11 15:23:32 [INFO] main:   [  1821] Pin Sạc Dự Phòng
2026-03-11 15:23:32 [INFO] main:   [  1823] Dây Sạc - Dây Cáp
2026-03-11 15:23:32 [INFO] main:   [  3803] Adapter - Củ Sạc
2026-03-11 15:23:32 [INFO] main:   [  1804] Tai Nghe Có Dây
2026-03-11 15:23:32 [INFO] main: 
2026-03-11 15:23:32 [INFO] main: ============================================================
2026-03-11 15:23:32 [INFO] main: PHASE 2: Crawl sản phẩm + Phân loại Brand Type real-time
2026-03-11 15:23:32 [INFO] main: ============================================================
2026-03-11 15:23:32 [INFO] main: 
2026-03-11 15:23:32 [INFO] main: [1/12] Crawling: Linh Kiện Máy Tính - Phụ Kiện Máy Tính (ID: 8129)
2026-03-11 15:23:32 [INFO] crawler.scraper:   Đang quét category 8129 (Linh Kiện Máy Tính - Phụ Kiện Máy Tính) - Trang 1
2026-03-11 15:23:35 [INFO] crawler.scraper:   Đang quét category 8129 (Linh Kiện Máy Tính - Phụ Kiện Máy Tính) - Trang 2
2026-03-11 15:23:39 [INFO] crawler.scraper:   Đang quét category 8129 (Linh Kiện Máy Tính - Phụ Kiện Máy Tính) - Trang 3
2026-03-11 15:23:42 [INFO] crawler.scraper:   Đang quét category 8129 (Linh Kiện Máy Tính - Phụ Kiện Máy Tính) - Trang 4
2026-03-11 15:23:45 [INFO] crawler.scraper:   Đang quét category 8129 (Linh Kiện Máy Tính - Phụ Kiện Máy Tính) - Trang 5
2026-03-11 15:23:49 [INFO] crawler.scraper:   Đang quét category 8129 (Linh Kiện Máy Tính - Phụ Kiện Máy Tính) - Trang 6
2026-03-11 15:23:51 [INFO] crawler.scraper:   Đang quét category 8129 (Linh Kiện Máy Tính - Phụ Kiện Máy Tính) - Trang 7
2026-03-11 15:23:54 [INFO] crawler.scraper:   Đang quét category 8129 (Linh Kiện Máy Tính - Phụ Kiện Máy Tính) - Trang 8
2026-03-11 15:23:58 [INFO] crawler.scraper:   Đang quét category 8129 (Linh Kiện Máy Tính - Phụ Kiện Máy Tính) - Trang 9
2026-03-11 15:24:01 [INFO] crawler.scraper:   Đang quét category 8129 (Linh Kiện Máy Tính - Phụ Kiện Máy Tính) - Trang 10
2026-03-11 15:24:03 [INFO] crawler.scraper:   Đang quét category 8129 (Linh Kiện Máy Tính - Phụ Kiện Máy Tính) - Trang 11
2026-03-11 15:24:06 [INFO] crawler.scraper:   Đang quét category 8129 (Linh Kiện Máy Tính - Phụ Kiện Máy Tính) - Trang 12
2026-03-11 15:24:09 [INFO] crawler.scraper:   Đang quét category 8129 (Linh Kiện Máy Tính - Phụ Kiện Máy Tính) - Trang 13
2026-03-11 15:24:14 [INFO] crawler.scraper:   Đang quét category 8129 (Linh Kiện Máy Tính - Phụ Kiện Máy Tính) - Trang 14
2026-03-11 15:24:25 [INFO] crawler.scraper:   Đang quét category 8129 (Linh Kiện Máy Tính - Phụ Kiện Máy Tính) - Trang 15
2026-03-11 15:24:28 [INFO] crawler.scraper:   Đang quét category 8129 (Linh Kiện Máy Tính - Phụ Kiện Máy Tính) - Trang 16
2026-03-11 15:24:31 [INFO] crawler.scraper:   Đang quét category 8129 (Linh Kiện Máy Tính - Phụ Kiện Máy Tính) - Trang 17
2026-03-11 15:24:34 [INFO] crawler.scraper:   Đang quét category 8129 (Linh Kiện Máy Tính - Phụ Kiện Máy Tính) - Trang 18
2026-03-11 15:24:37 [INFO] crawler.scraper:   Đang quét category 8129 (Linh Kiện Máy Tính - Phụ Kiện Máy Tính) - Trang 19
2026-03-11 15:24:40 [INFO] crawler.scraper:   Đang quét category 8129 (Linh Kiện Máy Tính - Phụ Kiện Máy Tính) - Trang 20
2026-03-11 15:24:44 [INFO] crawler.scraper:   Đang quét category 8129 (Linh Kiện Máy Tính - Phụ Kiện Máy Tính) - Trang 21
2026-03-11 15:24:47 [INFO] crawler.scraper:   Đang quét category 8129 (Linh Kiện Máy Tính - Phụ Kiện Máy Tính) - Trang 22
2026-03-11 15:24:50 [INFO] crawler.scraper:   Đang quét category 8129 (Linh Kiện Máy Tính - Phụ Kiện Máy Tính) - Trang 23
2026-03-11 15:24:53 [INFO] crawler.scraper:   Đang quét category 8129 (Linh Kiện Máy Tính - Phụ Kiện Máy Tính) - Trang 24
2026-03-11 15:24:55 [INFO] crawler.scraper:   Đang quét category 8129 (Linh Kiện Máy Tính - Phụ Kiện Máy Tính) - Trang 25
2026-03-11 15:24:58 [INFO] crawler.scraper:   Đang quét category 8129 (Linh Kiện Máy Tính - Phụ Kiện Máy Tính) - Trang 26
2026-03-11 15:25:02 [INFO] crawler.scraper:   Đang quét category 8129 (Linh Kiện Máy Tính - Phụ Kiện Máy Tính) - Trang 27
2026-03-11 15:25:06 [INFO] crawler.scraper:   Đang quét category 8129 (Linh Kiện Máy Tính - Phụ Kiện Máy Tính) - Trang 28
2026-03-11 15:25:08 [INFO] crawler.scraper:   Đang quét category 8129 (Linh Kiện Máy Tính - Phụ Kiện Máy Tính) - Trang 29
2026-03-11 15:25:12 [INFO] crawler.scraper:   Đang quét category 8129 (Linh Kiện Máy Tính - Phụ Kiện Máy Tính) - Trang 30
2026-03-11 15:25:14 [INFO] crawler.scraper:   Đang quét category 8129 (Linh Kiện Máy Tính - Phụ Kiện Máy Tính) - Trang 31
2026-03-11 15:25:18 [INFO] crawler.scraper:   Đang quét category 8129 (Linh Kiện Máy Tính - Phụ Kiện Máy Tính) - Trang 32
2026-03-11 15:25:20 [INFO] crawler.scraper:   Đang quét category 8129 (Linh Kiện Máy Tính - Phụ Kiện Máy Tính) - Trang 33
2026-03-11 15:25:23 [INFO] crawler.scraper:   Đang quét category 8129 (Linh Kiện Máy Tính - Phụ Kiện Máy Tính) - Trang 34
2026-03-11 15:25:28 [INFO] crawler.scraper:   Đang quét category 8129 (Linh Kiện Máy Tính - Phụ Kiện Máy Tính) - Trang 35
2026-03-11 15:25:31 [INFO] crawler.scraper:   Đang quét category 8129 (Linh Kiện Máy Tính - Phụ Kiện Máy Tính) - Trang 36
2026-03-11 15:25:33 [INFO] crawler.scraper:   Đang quét category 8129 (Linh Kiện Máy Tính - Phụ Kiện Máy Tính) - Trang 37
2026-03-11 15:25:36 [INFO] crawler.scraper:   Đang quét category 8129 (Linh Kiện Máy Tính - Phụ Kiện Máy Tính) - Trang 38
2026-03-11 15:25:39 [INFO] crawler.scraper:   Đang quét category 8129 (Linh Kiện Máy Tính - Phụ Kiện Máy Tính) - Trang 39
2026-03-11 15:25:42 [INFO] crawler.scraper:   Đang quét category 8129 (Linh Kiện Máy Tính - Phụ Kiện Máy Tính) - Trang 40
2026-03-11 15:25:45 [INFO] crawler.scraper:   Đang quét category 8129 (Linh Kiện Máy Tính - Phụ Kiện Máy Tính) - Trang 41
2026-03-11 15:25:49 [INFO] crawler.scraper:   Đang quét category 8129 (Linh Kiện Máy Tính - Phụ Kiện Máy Tính) - Trang 42
2026-03-11 15:25:54 [INFO] crawler.scraper:   Đang quét category 8129 (Linh Kiện Máy Tính - Phụ Kiện Máy Tính) - Trang 43
2026-03-11 15:25:57 [INFO] crawler.scraper:   Đang quét category 8129 (Linh Kiện Máy Tính - Phụ Kiện Máy Tính) - Trang 44
2026-03-11 15:26:00 [INFO] crawler.scraper:   Đang quét category 8129 (Linh Kiện Máy Tính - Phụ Kiện Máy Tính) - Trang 45
2026-03-11 15:26:04 [INFO] crawler.scraper:   Đang quét category 8129 (Linh Kiện Máy Tính - Phụ Kiện Máy Tính) - Trang 46
2026-03-11 15:26:07 [INFO] crawler.scraper:   Đang quét category 8129 (Linh Kiện Máy Tính - Phụ Kiện Máy Tính) - Trang 47
2026-03-11 15:26:11 [INFO] crawler.scraper:   Đang quét category 8129 (Linh Kiện Máy Tính - Phụ Kiện Máy Tính) - Trang 48
2026-03-11 15:26:14 [INFO] crawler.scraper:   Đang quét category 8129 (Linh Kiện Máy Tính - Phụ Kiện Máy Tính) - Trang 49
2026-03-11 15:26:17 [INFO] crawler.scraper:   Đang quét category 8129 (Linh Kiện Máy Tính - Phụ Kiện Máy Tính) - Trang 50
2026-03-11 15:26:17 [INFO] crawler.scraper:   Đã đến trang cuối (50) của category 8129
2026-03-11 15:26:17 [INFO] crawler.storage: Upserted 2000 products (New: 125, Updated: 1875)
2026-03-11 15:26:17 [INFO] main:   -> Tìm thấy: 2000 | Mới: 125 | Cập nhật: 1875
2026-03-11 15:26:17 [INFO] main: 
2026-03-11 15:26:17 [INFO] main: [2/12] Crawling: Thiết Bị Mạng (ID: 2663)
2026-03-11 15:26:17 [INFO] crawler.scraper:   Đang quét category 2663 (Thiết Bị Mạng) - Trang 1
2026-03-11 15:26:20 [INFO] crawler.scraper:   Đang quét category 2663 (Thiết Bị Mạng) - Trang 2
2026-03-11 15:26:23 [INFO] crawler.scraper:   Đang quét category 2663 (Thiết Bị Mạng) - Trang 3
2026-03-11 15:26:26 [INFO] crawler.scraper:   Đang quét category 2663 (Thiết Bị Mạng) - Trang 4
2026-03-11 15:26:31 [INFO] crawler.scraper:   Đang quét category 2663 (Thiết Bị Mạng) - Trang 5
2026-03-11 15:26:34 [INFO] crawler.scraper:   Đang quét category 2663 (Thiết Bị Mạng) - Trang 6
2026-03-11 15:26:37 [INFO] crawler.scraper:   Đang quét category 2663 (Thiết Bị Mạng) - Trang 7
2026-03-11 15:26:39 [INFO] crawler.scraper:   Đang quét category 2663 (Thiết Bị Mạng) - Trang 8
2026-03-11 15:26:43 [INFO] crawler.scraper:   Đang quét category 2663 (Thiết Bị Mạng) - Trang 9
2026-03-11 15:26:46 [INFO] crawler.scraper:   Đang quét category 2663 (Thiết Bị Mạng) - Trang 10
2026-03-11 15:26:48 [INFO] crawler.scraper:   Đang quét category 2663 (Thiết Bị Mạng) - Trang 11
2026-03-11 15:26:51 [INFO] crawler.scraper:   Đang quét category 2663 (Thiết Bị Mạng) - Trang 12
2026-03-11 15:26:54 [INFO] crawler.scraper:   Đang quét category 2663 (Thiết Bị Mạng) - Trang 13
2026-03-11 15:26:57 [INFO] crawler.scraper:   Đang quét category 2663 (Thiết Bị Mạng) - Trang 14
2026-03-11 15:27:00 [INFO] crawler.scraper:   Đang quét category 2663 (Thiết Bị Mạng) - Trang 15
2026-03-11 15:27:03 [INFO] crawler.scraper:   Đang quét category 2663 (Thiết Bị Mạng) - Trang 16
2026-03-11 15:27:05 [INFO] crawler.scraper:   Đang quét category 2663 (Thiết Bị Mạng) - Trang 17
2026-03-11 15:27:08 [INFO] crawler.scraper:   Đang quét category 2663 (Thiết Bị Mạng) - Trang 18
2026-03-11 15:27:11 [INFO] crawler.scraper:   Đang quét category 2663 (Thiết Bị Mạng) - Trang 19
2026-03-11 15:27:14 [INFO] crawler.scraper:   Đang quét category 2663 (Thiết Bị Mạng) - Trang 20
2026-03-11 15:27:17 [INFO] crawler.scraper:   Đang quét category 2663 (Thiết Bị Mạng) - Trang 21
2026-03-11 15:27:19 [INFO] crawler.scraper:   Đang quét category 2663 (Thiết Bị Mạng) - Trang 22
2026-03-11 15:27:22 [INFO] crawler.scraper:   Đang quét category 2663 (Thiết Bị Mạng) - Trang 23
2026-03-11 15:27:25 [INFO] crawler.scraper:   Đang quét category 2663 (Thiết Bị Mạng) - Trang 24
2026-03-11 15:27:28 [INFO] crawler.scraper:   Đang quét category 2663 (Thiết Bị Mạng) - Trang 25
2026-03-11 15:27:31 [INFO] crawler.scraper:   Đang quét category 2663 (Thiết Bị Mạng) - Trang 26
2026-03-11 15:27:34 [INFO] crawler.scraper:   Đang quét category 2663 (Thiết Bị Mạng) - Trang 27
2026-03-11 15:27:36 [INFO] crawler.scraper:   Đang quét category 2663 (Thiết Bị Mạng) - Trang 28
2026-03-11 15:27:39 [INFO] crawler.scraper:   Đang quét category 2663 (Thiết Bị Mạng) - Trang 29
2026-03-11 15:27:42 [INFO] crawler.scraper:   Đang quét category 2663 (Thiết Bị Mạng) - Trang 30
2026-03-11 15:27:45 [INFO] crawler.scraper:   Đang quét category 2663 (Thiết Bị Mạng) - Trang 31
2026-03-11 15:27:48 [INFO] crawler.scraper:   Đang quét category 2663 (Thiết Bị Mạng) - Trang 32
2026-03-11 15:27:50 [INFO] crawler.scraper:   Đang quét category 2663 (Thiết Bị Mạng) - Trang 33
2026-03-11 15:27:53 [INFO] crawler.scraper:   Đang quét category 2663 (Thiết Bị Mạng) - Trang 34
2026-03-11 15:27:56 [INFO] crawler.scraper:   Đang quét category 2663 (Thiết Bị Mạng) - Trang 35
2026-03-11 15:27:59 [INFO] crawler.scraper:   Đang quét category 2663 (Thiết Bị Mạng) - Trang 36
2026-03-11 15:28:01 [INFO] crawler.scraper:   Đang quét category 2663 (Thiết Bị Mạng) - Trang 37
2026-03-11 15:28:02 [INFO] crawler.scraper:   Đã đến trang cuối (37) của category 2663
2026-03-11 15:28:02 [INFO] crawler.storage: Upserted 1454 products (New: 40, Updated: 1414)
2026-03-11 15:28:02 [INFO] main:   -> Tìm thấy: 1454 | Mới: 40 | Cập nhật: 1414
2026-03-11 15:28:02 [INFO] main: 
2026-03-11 15:28:02 [INFO] main: [3/12] Crawling: Thiết Bị Số - Phụ Kiện Số (ID: 1815)
2026-03-11 15:28:02 [INFO] crawler.scraper:   Đang quét category 1815 (Thiết Bị Số - Phụ Kiện Số) - Trang 1
2026-03-11 15:28:05 [INFO] crawler.scraper:   Đang quét category 1815 (Thiết Bị Số - Phụ Kiện Số) - Trang 2
2026-03-11 15:28:07 [INFO] crawler.scraper:   Đang quét category 1815 (Thiết Bị Số - Phụ Kiện Số) - Trang 3
2026-03-11 15:28:10 [INFO] crawler.scraper:   Đang quét category 1815 (Thiết Bị Số - Phụ Kiện Số) - Trang 4
2026-03-11 15:28:13 [INFO] crawler.scraper:   Đang quét category 1815 (Thiết Bị Số - Phụ Kiện Số) - Trang 5
2026-03-11 15:28:16 [INFO] crawler.scraper:   Đang quét category 1815 (Thiết Bị Số - Phụ Kiện Số) - Trang 6
2026-03-11 15:28:19 [INFO] crawler.scraper:   Đang quét category 1815 (Thiết Bị Số - Phụ Kiện Số) - Trang 7
2026-03-11 15:28:22 [INFO] crawler.scraper:   Đang quét category 1815 (Thiết Bị Số - Phụ Kiện Số) - Trang 8
2026-03-11 15:28:25 [INFO] crawler.scraper:   Đang quét category 1815 (Thiết Bị Số - Phụ Kiện Số) - Trang 9
2026-03-11 15:28:27 [INFO] crawler.scraper:   Đang quét category 1815 (Thiết Bị Số - Phụ Kiện Số) - Trang 10
2026-03-11 15:28:30 [INFO] crawler.scraper:   Đang quét category 1815 (Thiết Bị Số - Phụ Kiện Số) - Trang 11
2026-03-11 15:28:33 [INFO] crawler.scraper:   Đang quét category 1815 (Thiết Bị Số - Phụ Kiện Số) - Trang 12
2026-03-11 15:28:36 [INFO] crawler.scraper:   Đang quét category 1815 (Thiết Bị Số - Phụ Kiện Số) - Trang 13
2026-03-11 15:28:39 [INFO] crawler.scraper:   Đang quét category 1815 (Thiết Bị Số - Phụ Kiện Số) - Trang 14
2026-03-11 15:28:41 [INFO] crawler.scraper:   Đang quét category 1815 (Thiết Bị Số - Phụ Kiện Số) - Trang 15
2026-03-11 15:28:44 [INFO] crawler.scraper:   Đang quét category 1815 (Thiết Bị Số - Phụ Kiện Số) - Trang 16
2026-03-11 15:28:47 [INFO] crawler.scraper:   Đang quét category 1815 (Thiết Bị Số - Phụ Kiện Số) - Trang 17
2026-03-11 15:28:50 [INFO] crawler.scraper:   Đang quét category 1815 (Thiết Bị Số - Phụ Kiện Số) - Trang 18
2026-03-11 15:28:53 [INFO] crawler.scraper:   Đang quét category 1815 (Thiết Bị Số - Phụ Kiện Số) - Trang 19
2026-03-11 15:28:55 [INFO] crawler.scraper:   Đang quét category 1815 (Thiết Bị Số - Phụ Kiện Số) - Trang 20
2026-03-11 15:28:58 [INFO] crawler.scraper:   Đang quét category 1815 (Thiết Bị Số - Phụ Kiện Số) - Trang 21
2026-03-11 15:29:01 [INFO] crawler.scraper:   Đang quét category 1815 (Thiết Bị Số - Phụ Kiện Số) - Trang 22
2026-03-11 15:29:04 [INFO] crawler.scraper:   Đang quét category 1815 (Thiết Bị Số - Phụ Kiện Số) - Trang 23
2026-03-11 15:29:07 [INFO] crawler.scraper:   Đang quét category 1815 (Thiết Bị Số - Phụ Kiện Số) - Trang 24
2026-03-11 15:29:10 [INFO] crawler.scraper:   Đang quét category 1815 (Thiết Bị Số - Phụ Kiện Số) - Trang 25
2026-03-11 15:29:12 [INFO] crawler.scraper:   Đang quét category 1815 (Thiết Bị Số - Phụ Kiện Số) - Trang 26
2026-03-11 15:29:16 [INFO] crawler.scraper:   Đang quét category 1815 (Thiết Bị Số - Phụ Kiện Số) - Trang 27
2026-03-11 15:29:18 [INFO] crawler.scraper:   Đang quét category 1815 (Thiết Bị Số - Phụ Kiện Số) - Trang 28
2026-03-11 15:29:21 [INFO] crawler.scraper:   Đang quét category 1815 (Thiết Bị Số - Phụ Kiện Số) - Trang 29
2026-03-11 15:29:24 [INFO] crawler.scraper:   Đang quét category 1815 (Thiết Bị Số - Phụ Kiện Số) - Trang 30
2026-03-11 15:29:27 [INFO] crawler.scraper:   Đang quét category 1815 (Thiết Bị Số - Phụ Kiện Số) - Trang 31
2026-03-11 15:29:30 [INFO] crawler.scraper:   Đang quét category 1815 (Thiết Bị Số - Phụ Kiện Số) - Trang 32
2026-03-11 15:29:33 [INFO] crawler.scraper:   Đang quét category 1815 (Thiết Bị Số - Phụ Kiện Số) - Trang 33
2026-03-11 15:29:35 [INFO] crawler.scraper:   Đang quét category 1815 (Thiết Bị Số - Phụ Kiện Số) - Trang 34
2026-03-11 15:29:38 [INFO] crawler.scraper:   Đang quét category 1815 (Thiết Bị Số - Phụ Kiện Số) - Trang 35
2026-03-11 15:29:41 [INFO] crawler.scraper:   Đang quét category 1815 (Thiết Bị Số - Phụ Kiện Số) - Trang 36
2026-03-11 15:29:44 [INFO] crawler.scraper:   Đang quét category 1815 (Thiết Bị Số - Phụ Kiện Số) - Trang 37
2026-03-11 15:29:47 [INFO] crawler.scraper:   Đang quét category 1815 (Thiết Bị Số - Phụ Kiện Số) - Trang 38
2026-03-11 15:29:49 [INFO] crawler.scraper:   Đang quét category 1815 (Thiết Bị Số - Phụ Kiện Số) - Trang 39
2026-03-11 15:29:52 [INFO] crawler.scraper:   Đang quét category 1815 (Thiết Bị Số - Phụ Kiện Số) - Trang 40
2026-03-11 15:29:55 [INFO] crawler.scraper:   Đang quét category 1815 (Thiết Bị Số - Phụ Kiện Số) - Trang 41
2026-03-11 15:29:58 [INFO] crawler.scraper:   Đang quét category 1815 (Thiết Bị Số - Phụ Kiện Số) - Trang 42
2026-03-11 15:30:01 [INFO] crawler.scraper:   Đang quét category 1815 (Thiết Bị Số - Phụ Kiện Số) - Trang 43
2026-03-11 15:30:04 [INFO] crawler.scraper:   Đang quét category 1815 (Thiết Bị Số - Phụ Kiện Số) - Trang 44
2026-03-11 15:30:06 [INFO] crawler.scraper:   Đang quét category 1815 (Thiết Bị Số - Phụ Kiện Số) - Trang 45
2026-03-11 15:30:09 [INFO] crawler.scraper:   Đang quét category 1815 (Thiết Bị Số - Phụ Kiện Số) - Trang 46
2026-03-11 15:30:12 [INFO] crawler.scraper:   Đang quét category 1815 (Thiết Bị Số - Phụ Kiện Số) - Trang 47
2026-03-11 15:30:15 [INFO] crawler.scraper:   Đang quét category 1815 (Thiết Bị Số - Phụ Kiện Số) - Trang 48
2026-03-11 15:30:18 [INFO] crawler.scraper:   Đang quét category 1815 (Thiết Bị Số - Phụ Kiện Số) - Trang 49
2026-03-11 15:30:21 [INFO] crawler.scraper:   Đang quét category 1815 (Thiết Bị Số - Phụ Kiện Số) - Trang 50
2026-03-11 15:30:21 [INFO] crawler.scraper:   Đã đến trang cuối (50) của category 1815
2026-03-11 15:30:22 [INFO] crawler.storage: Upserted 2000 products (New: 1423, Updated: 577)
2026-03-11 15:30:22 [INFO] main:   -> Tìm thấy: 2000 | Mới: 1423 | Cập nhật: 577
2026-03-11 15:30:22 [INFO] main: 
2026-03-11 15:30:22 [INFO] main: [4/12] Crawling: Thiết Bị Lưu Trữ (ID: 8060)
2026-03-11 15:30:22 [INFO] crawler.scraper:   Đang quét category 8060 (Thiết Bị Lưu Trữ) - Trang 1
2026-03-11 15:30:25 [INFO] crawler.scraper:   Đang quét category 8060 (Thiết Bị Lưu Trữ) - Trang 2
2026-03-11 15:30:28 [INFO] crawler.scraper:   Đang quét category 8060 (Thiết Bị Lưu Trữ) - Trang 3
2026-03-11 15:30:30 [INFO] crawler.scraper:   Đang quét category 8060 (Thiết Bị Lưu Trữ) - Trang 4
2026-03-11 15:30:33 [INFO] crawler.scraper:   Đang quét category 8060 (Thiết Bị Lưu Trữ) - Trang 5
2026-03-11 15:30:36 [INFO] crawler.scraper:   Đang quét category 8060 (Thiết Bị Lưu Trữ) - Trang 6
2026-03-11 15:30:39 [INFO] crawler.scraper:   Đang quét category 8060 (Thiết Bị Lưu Trữ) - Trang 7
2026-03-11 15:30:42 [INFO] crawler.scraper:   Đang quét category 8060 (Thiết Bị Lưu Trữ) - Trang 8
2026-03-11 15:30:44 [INFO] crawler.scraper:   Đang quét category 8060 (Thiết Bị Lưu Trữ) - Trang 9
2026-03-11 15:30:45 [INFO] crawler.scraper:   Đã đến trang cuối (9) của category 8060
2026-03-11 15:30:45 [INFO] crawler.storage: Upserted 336 products (New: 18, Updated: 318)
2026-03-11 15:30:45 [INFO] main:   -> Tìm thấy: 336 | Mới: 18 | Cập nhật: 318
2026-03-11 15:30:45 [INFO] main: 
2026-03-11 15:30:45 [INFO] main: [5/12] Crawling: Phụ Kiện Phím Chuột Chơi Game (ID: 28692)
2026-03-11 15:30:45 [INFO] crawler.scraper:   Đang quét category 28692 (Phụ Kiện Phím Chuột Chơi Game) - Trang 1
2026-03-11 15:30:47 [INFO] crawler.scraper:   Đang quét category 28692 (Phụ Kiện Phím Chuột Chơi Game) - Trang 2
2026-03-11 15:30:50 [INFO] crawler.scraper:   Đang quét category 28692 (Phụ Kiện Phím Chuột Chơi Game) - Trang 3
2026-03-11 15:30:53 [INFO] crawler.scraper:   Đang quét category 28692 (Phụ Kiện Phím Chuột Chơi Game) - Trang 4
2026-03-11 15:30:56 [INFO] crawler.scraper:   Đang quét category 28692 (Phụ Kiện Phím Chuột Chơi Game) - Trang 5
2026-03-11 15:30:59 [INFO] crawler.scraper:   Đang quét category 28692 (Phụ Kiện Phím Chuột Chơi Game) - Trang 6
2026-03-11 15:31:01 [INFO] crawler.scraper:   Đang quét category 28692 (Phụ Kiện Phím Chuột Chơi Game) - Trang 7
2026-03-11 15:31:04 [INFO] crawler.scraper:   Đang quét category 28692 (Phụ Kiện Phím Chuột Chơi Game) - Trang 8
2026-03-11 15:31:07 [INFO] crawler.scraper:   Đang quét category 28692 (Phụ Kiện Phím Chuột Chơi Game) - Trang 9
2026-03-11 15:31:10 [INFO] crawler.scraper:   Đang quét category 28692 (Phụ Kiện Phím Chuột Chơi Game) - Trang 10
2026-03-11 15:31:13 [INFO] crawler.scraper:   Đang quét category 28692 (Phụ Kiện Phím Chuột Chơi Game) - Trang 11
2026-03-11 15:31:14 [INFO] crawler.scraper:   Đã đến trang cuối (11) của category 28692
2026-03-11 15:31:14 [INFO] crawler.storage: Upserted 410 products (New: 0, Updated: 410)
2026-03-11 15:31:14 [INFO] main:   -> Tìm thấy: 410 | Mới: 0 | Cập nhật: 410
2026-03-11 15:31:14 [INFO] main: 
2026-03-11 15:31:14 [INFO] main: [6/12] Crawling: Các Loại Cáp Chuyển Đổi (ID: 12296)
2026-03-11 15:31:14 [INFO] crawler.scraper:   Đang quét category 12296 (Các Loại Cáp Chuyển Đổi) - Trang 1
2026-03-11 15:31:17 [INFO] crawler.scraper:   Đang quét category 12296 (Các Loại Cáp Chuyển Đổi) - Trang 2
2026-03-11 15:31:20 [INFO] crawler.scraper:   Đang quét category 12296 (Các Loại Cáp Chuyển Đổi) - Trang 3
2026-03-11 15:31:23 [INFO] crawler.scraper:   Đang quét category 12296 (Các Loại Cáp Chuyển Đổi) - Trang 4
2026-03-11 15:31:25 [INFO] crawler.scraper:   Đang quét category 12296 (Các Loại Cáp Chuyển Đổi) - Trang 5
2026-03-11 15:31:28 [INFO] crawler.scraper:   Đang quét category 12296 (Các Loại Cáp Chuyển Đổi) - Trang 6
2026-03-11 15:31:31 [INFO] crawler.scraper:   Đang quét category 12296 (Các Loại Cáp Chuyển Đổi) - Trang 7
2026-03-11 15:31:34 [INFO] crawler.scraper:   Đang quét category 12296 (Các Loại Cáp Chuyển Đổi) - Trang 8
2026-03-11 15:31:37 [INFO] crawler.scraper:   Đang quét category 12296 (Các Loại Cáp Chuyển Đổi) - Trang 9
2026-03-11 15:31:40 [INFO] crawler.scraper:   Đang quét category 12296 (Các Loại Cáp Chuyển Đổi) - Trang 10
2026-03-11 15:31:43 [INFO] crawler.scraper:   Đang quét category 12296 (Các Loại Cáp Chuyển Đổi) - Trang 11
2026-03-11 15:31:45 [INFO] crawler.scraper:   Đang quét category 12296 (Các Loại Cáp Chuyển Đổi) - Trang 12
2026-03-11 15:31:48 [INFO] crawler.scraper:   Đang quét category 12296 (Các Loại Cáp Chuyển Đổi) - Trang 13
2026-03-11 15:31:51 [INFO] crawler.scraper:   Đang quét category 12296 (Các Loại Cáp Chuyển Đổi) - Trang 14
2026-03-11 15:31:54 [INFO] crawler.scraper:   Đang quét category 12296 (Các Loại Cáp Chuyển Đổi) - Trang 15
2026-03-11 15:31:57 [INFO] crawler.scraper:   Đang quét category 12296 (Các Loại Cáp Chuyển Đổi) - Trang 16
2026-03-11 15:31:59 [INFO] crawler.scraper:   Đang quét category 12296 (Các Loại Cáp Chuyển Đổi) - Trang 17
2026-03-11 15:32:02 [INFO] crawler.scraper:   Đang quét category 12296 (Các Loại Cáp Chuyển Đổi) - Trang 18
2026-03-11 15:32:05 [INFO] crawler.scraper:   Đang quét category 12296 (Các Loại Cáp Chuyển Đổi) - Trang 19
2026-03-11 15:32:08 [INFO] crawler.scraper:   Đang quét category 12296 (Các Loại Cáp Chuyển Đổi) - Trang 20
2026-03-11 15:32:11 [INFO] crawler.scraper:   Đang quét category 12296 (Các Loại Cáp Chuyển Đổi) - Trang 21
2026-03-11 15:32:13 [INFO] crawler.scraper:   Đang quét category 12296 (Các Loại Cáp Chuyển Đổi) - Trang 22
2026-03-11 15:32:16 [INFO] crawler.scraper:   Đang quét category 12296 (Các Loại Cáp Chuyển Đổi) - Trang 23
2026-03-11 15:32:19 [INFO] crawler.scraper:   Đang quét category 12296 (Các Loại Cáp Chuyển Đổi) - Trang 24
2026-03-11 15:32:22 [INFO] crawler.scraper:   Đang quét category 12296 (Các Loại Cáp Chuyển Đổi) - Trang 25
2026-03-11 15:32:25 [INFO] crawler.scraper:   Đang quét category 12296 (Các Loại Cáp Chuyển Đổi) - Trang 26
2026-03-11 15:32:28 [INFO] crawler.scraper:   Đang quét category 12296 (Các Loại Cáp Chuyển Đổi) - Trang 27
2026-03-11 15:32:31 [INFO] crawler.scraper:   Đang quét category 12296 (Các Loại Cáp Chuyển Đổi) - Trang 28
2026-03-11 15:32:34 [INFO] crawler.scraper:   Đang quét category 12296 (Các Loại Cáp Chuyển Đổi) - Trang 29
2026-03-11 15:32:36 [INFO] crawler.scraper:   Đang quét category 12296 (Các Loại Cáp Chuyển Đổi) - Trang 30
2026-03-11 15:32:39 [INFO] crawler.scraper:   Đang quét category 12296 (Các Loại Cáp Chuyển Đổi) - Trang 31
2026-03-11 15:32:42 [INFO] crawler.scraper:   Đang quét category 12296 (Các Loại Cáp Chuyển Đổi) - Trang 32
2026-03-11 15:32:45 [INFO] crawler.scraper:   Đang quét category 12296 (Các Loại Cáp Chuyển Đổi) - Trang 33
2026-03-11 15:32:47 [INFO] crawler.scraper:   Đang quét category 12296 (Các Loại Cáp Chuyển Đổi) - Trang 34
2026-03-11 15:32:50 [INFO] crawler.scraper:   Đang quét category 12296 (Các Loại Cáp Chuyển Đổi) - Trang 35
2026-03-11 15:32:53 [INFO] crawler.scraper:   Đang quét category 12296 (Các Loại Cáp Chuyển Đổi) - Trang 36
2026-03-11 15:32:56 [INFO] crawler.scraper:   Đang quét category 12296 (Các Loại Cáp Chuyển Đổi) - Trang 37
2026-03-11 15:32:58 [INFO] crawler.scraper:   Đang quét category 12296 (Các Loại Cáp Chuyển Đổi) - Trang 38
2026-03-11 15:33:01 [INFO] crawler.scraper:   Đang quét category 12296 (Các Loại Cáp Chuyển Đổi) - Trang 39
2026-03-11 15:33:04 [INFO] crawler.scraper:   Đang quét category 12296 (Các Loại Cáp Chuyển Đổi) - Trang 40
2026-03-11 15:33:07 [INFO] crawler.scraper:   Đang quét category 12296 (Các Loại Cáp Chuyển Đổi) - Trang 41
2026-03-11 15:33:10 [INFO] crawler.scraper:   Đang quét category 12296 (Các Loại Cáp Chuyển Đổi) - Trang 42
2026-03-11 15:33:12 [INFO] crawler.scraper:   Đang quét category 12296 (Các Loại Cáp Chuyển Đổi) - Trang 43
2026-03-11 15:33:15 [INFO] crawler.scraper:   Đang quét category 12296 (Các Loại Cáp Chuyển Đổi) - Trang 44
2026-03-11 15:33:18 [INFO] crawler.scraper:   Đang quét category 12296 (Các Loại Cáp Chuyển Đổi) - Trang 45
2026-03-11 15:33:21 [INFO] crawler.scraper:   Đang quét category 12296 (Các Loại Cáp Chuyển Đổi) - Trang 46
2026-03-11 15:33:24 [INFO] crawler.scraper:   Đang quét category 12296 (Các Loại Cáp Chuyển Đổi) - Trang 47
2026-03-11 15:33:26 [INFO] crawler.scraper:   Đang quét category 12296 (Các Loại Cáp Chuyển Đổi) - Trang 48
2026-03-11 15:33:29 [INFO] crawler.scraper:   Đang quét category 12296 (Các Loại Cáp Chuyển Đổi) - Trang 49
2026-03-11 15:33:32 [INFO] crawler.scraper:   Đang quét category 12296 (Các Loại Cáp Chuyển Đổi) - Trang 50
2026-03-11 15:33:33 [INFO] crawler.scraper:   Đã đến trang cuối (50) của category 12296
2026-03-11 15:33:33 [INFO] crawler.storage: Upserted 2000 products (New: 150, Updated: 1850)
2026-03-11 15:33:33 [INFO] main:   -> Tìm thấy: 2000 | Mới: 150 | Cập nhật: 1850
2026-03-11 15:33:33 [INFO] main: 
2026-03-11 15:33:33 [INFO] main: [7/12] Crawling: Thẻ Nhớ và Bộ Nhớ Mở Rộng (ID: 28448)
2026-03-11 15:33:33 [INFO] crawler.scraper:   Đang quét category 28448 (Thẻ Nhớ và Bộ Nhớ Mở Rộng) - Trang 1
2026-03-11 15:33:35 [INFO] crawler.scraper:   Đang quét category 28448 (Thẻ Nhớ và Bộ Nhớ Mở Rộng) - Trang 2
2026-03-11 15:33:38 [INFO] crawler.scraper:   Đang quét category 28448 (Thẻ Nhớ và Bộ Nhớ Mở Rộng) - Trang 3
2026-03-11 15:33:38 [INFO] crawler.scraper:   Đã đến trang cuối (3) của category 28448
2026-03-11 15:33:38 [INFO] crawler.storage: Upserted 81 products (New: 1, Updated: 80)
2026-03-11 15:33:38 [INFO] main:   -> Tìm thấy: 81 | Mới: 1 | Cập nhật: 80
2026-03-11 15:33:38 [INFO] main: 
2026-03-11 15:33:38 [INFO] main: [8/12] Crawling: Tai Nghe Bluetooth (ID: 1811)
2026-03-11 15:33:38 [INFO] crawler.scraper:   Đang quét category 1811 (Tai Nghe Bluetooth) - Trang 1
2026-03-11 15:33:41 [INFO] crawler.scraper:   Đang quét category 1811 (Tai Nghe Bluetooth) - Trang 2
2026-03-11 15:33:44 [INFO] crawler.scraper:   Đang quét category 1811 (Tai Nghe Bluetooth) - Trang 3
2026-03-11 15:33:47 [INFO] crawler.scraper:   Đang quét category 1811 (Tai Nghe Bluetooth) - Trang 4
2026-03-11 15:33:50 [INFO] crawler.scraper:   Đang quét category 1811 (Tai Nghe Bluetooth) - Trang 5
2026-03-11 15:33:52 [INFO] crawler.scraper:   Đang quét category 1811 (Tai Nghe Bluetooth) - Trang 6
2026-03-11 15:33:55 [INFO] crawler.scraper:   Đang quét category 1811 (Tai Nghe Bluetooth) - Trang 7
2026-03-11 15:33:58 [INFO] crawler.scraper:   Đang quét category 1811 (Tai Nghe Bluetooth) - Trang 8
2026-03-11 15:34:01 [INFO] crawler.scraper:   Đang quét category 1811 (Tai Nghe Bluetooth) - Trang 9
2026-03-11 15:34:04 [INFO] crawler.scraper:   Đang quét category 1811 (Tai Nghe Bluetooth) - Trang 10
2026-03-11 15:34:06 [INFO] crawler.scraper:   Đang quét category 1811 (Tai Nghe Bluetooth) - Trang 11
2026-03-11 15:34:07 [INFO] crawler.scraper:   Đã đến trang cuối (11) của category 1811
2026-03-11 15:34:07 [INFO] crawler.storage: Upserted 421 products (New: 4, Updated: 417)
2026-03-11 15:34:07 [INFO] main:   -> Tìm thấy: 421 | Mới: 4 | Cập nhật: 417
2026-03-11 15:34:07 [INFO] main: 
2026-03-11 15:34:07 [INFO] main: [9/12] Crawling: Pin Sạc Dự Phòng (ID: 1821)
2026-03-11 15:34:07 [INFO] crawler.scraper:   Đang quét category 1821 (Pin Sạc Dự Phòng) - Trang 1
2026-03-11 15:34:10 [INFO] crawler.scraper:   Đang quét category 1821 (Pin Sạc Dự Phòng) - Trang 2
2026-03-11 15:34:12 [INFO] crawler.scraper:   Đang quét category 1821 (Pin Sạc Dự Phòng) - Trang 3
2026-03-11 15:34:16 [INFO] crawler.scraper:   Đang quét category 1821 (Pin Sạc Dự Phòng) - Trang 4
2026-03-11 15:34:18 [INFO] crawler.scraper:   Đang quét category 1821 (Pin Sạc Dự Phòng) - Trang 5
2026-03-11 15:34:21 [INFO] crawler.scraper:   Đang quét category 1821 (Pin Sạc Dự Phòng) - Trang 6
2026-03-11 15:34:24 [INFO] crawler.scraper:   Đang quét category 1821 (Pin Sạc Dự Phòng) - Trang 7
2026-03-11 15:34:27 [INFO] crawler.scraper:   Đang quét category 1821 (Pin Sạc Dự Phòng) - Trang 8
2026-03-11 15:34:30 [INFO] crawler.scraper:   Đang quét category 1821 (Pin Sạc Dự Phòng) - Trang 9
2026-03-11 15:34:30 [INFO] crawler.scraper:   Đã đến trang cuối (9) của category 1821
2026-03-11 15:34:30 [INFO] crawler.storage: Upserted 337 products (New: 2, Updated: 335)
2026-03-11 15:34:30 [INFO] main:   -> Tìm thấy: 337 | Mới: 2 | Cập nhật: 335
2026-03-11 15:34:30 [INFO] main: 
2026-03-11 15:34:30 [INFO] main: [10/12] Crawling: Dây Sạc - Dây Cáp (ID: 1823)
2026-03-11 15:34:30 [INFO] crawler.scraper:   Đang quét category 1823 (Dây Sạc - Dây Cáp) - Trang 1
2026-03-11 15:34:33 [INFO] crawler.scraper:   Đang quét category 1823 (Dây Sạc - Dây Cáp) - Trang 2
2026-03-11 15:34:36 [INFO] crawler.scraper:   Đang quét category 1823 (Dây Sạc - Dây Cáp) - Trang 3
2026-03-11 15:34:39 [INFO] crawler.scraper:   Đang quét category 1823 (Dây Sạc - Dây Cáp) - Trang 4
2026-03-11 15:34:41 [INFO] crawler.scraper:   Đang quét category 1823 (Dây Sạc - Dây Cáp) - Trang 5
2026-03-11 15:34:44 [INFO] crawler.scraper:   Đang quét category 1823 (Dây Sạc - Dây Cáp) - Trang 6
2026-03-11 15:34:47 [INFO] crawler.scraper:   Đang quét category 1823 (Dây Sạc - Dây Cáp) - Trang 7
2026-03-11 15:34:50 [INFO] crawler.scraper:   Đang quét category 1823 (Dây Sạc - Dây Cáp) - Trang 8
2026-03-11 15:34:53 [INFO] crawler.scraper:   Đang quét category 1823 (Dây Sạc - Dây Cáp) - Trang 9
2026-03-11 15:34:56 [INFO] crawler.scraper:   Đang quét category 1823 (Dây Sạc - Dây Cáp) - Trang 10
2026-03-11 15:34:59 [INFO] crawler.scraper:   Đang quét category 1823 (Dây Sạc - Dây Cáp) - Trang 11
2026-03-11 15:35:02 [INFO] crawler.scraper:   Đang quét category 1823 (Dây Sạc - Dây Cáp) - Trang 12
2026-03-11 15:35:06 [INFO] crawler.scraper:   Đang quét category 1823 (Dây Sạc - Dây Cáp) - Trang 13
2026-03-11 15:35:09 [INFO] crawler.scraper:   Đang quét category 1823 (Dây Sạc - Dây Cáp) - Trang 14
2026-03-11 15:35:12 [INFO] crawler.scraper:   Đang quét category 1823 (Dây Sạc - Dây Cáp) - Trang 15
2026-03-11 15:35:15 [INFO] crawler.scraper:   Đang quét category 1823 (Dây Sạc - Dây Cáp) - Trang 16
2026-03-11 15:35:17 [INFO] crawler.scraper:   Đang quét category 1823 (Dây Sạc - Dây Cáp) - Trang 17
2026-03-11 15:35:20 [INFO] crawler.scraper:   Đang quét category 1823 (Dây Sạc - Dây Cáp) - Trang 18
2026-03-11 15:35:23 [INFO] crawler.scraper:   Đang quét category 1823 (Dây Sạc - Dây Cáp) - Trang 19
2026-03-11 15:35:26 [INFO] crawler.scraper:   Đang quét category 1823 (Dây Sạc - Dây Cáp) - Trang 20
2026-03-11 15:35:29 [INFO] crawler.scraper:   Đang quét category 1823 (Dây Sạc - Dây Cáp) - Trang 21
2026-03-11 15:35:32 [INFO] crawler.scraper:   Đang quét category 1823 (Dây Sạc - Dây Cáp) - Trang 22
2026-03-11 15:35:35 [INFO] crawler.scraper:   Đang quét category 1823 (Dây Sạc - Dây Cáp) - Trang 23
2026-03-11 15:35:37 [INFO] crawler.scraper:   Đang quét category 1823 (Dây Sạc - Dây Cáp) - Trang 24
2026-03-11 15:35:40 [INFO] crawler.scraper:   Đang quét category 1823 (Dây Sạc - Dây Cáp) - Trang 25
2026-03-11 15:35:43 [INFO] crawler.scraper:   Đang quét category 1823 (Dây Sạc - Dây Cáp) - Trang 26
2026-03-11 15:35:46 [INFO] crawler.scraper:   Đang quét category 1823 (Dây Sạc - Dây Cáp) - Trang 27
2026-03-11 15:35:46 [INFO] crawler.scraper:   Đã đến trang cuối (27) của category 1823
2026-03-11 15:35:46 [INFO] crawler.storage: Upserted 1070 products (New: 5, Updated: 1065)
2026-03-11 15:35:46 [INFO] main:   -> Tìm thấy: 1070 | Mới: 5 | Cập nhật: 1065
2026-03-11 15:35:46 [INFO] main: 
2026-03-11 15:35:46 [INFO] main: [11/12] Crawling: Adapter - Củ Sạc (ID: 3803)
2026-03-11 15:35:46 [INFO] crawler.scraper:   Đang quét category 3803 (Adapter - Củ Sạc) - Trang 1
2026-03-11 15:35:49 [INFO] crawler.scraper:   Đang quét category 3803 (Adapter - Củ Sạc) - Trang 2
2026-03-11 15:35:52 [INFO] crawler.scraper:   Đang quét category 3803 (Adapter - Củ Sạc) - Trang 3
2026-03-11 15:35:55 [INFO] crawler.scraper:   Đang quét category 3803 (Adapter - Củ Sạc) - Trang 4
2026-03-11 15:35:58 [INFO] crawler.scraper:   Đang quét category 3803 (Adapter - Củ Sạc) - Trang 5
2026-03-11 15:36:01 [INFO] crawler.scraper:   Đang quét category 3803 (Adapter - Củ Sạc) - Trang 6
2026-03-11 15:36:04 [INFO] crawler.scraper:   Đang quét category 3803 (Adapter - Củ Sạc) - Trang 7
2026-03-11 15:36:06 [INFO] crawler.scraper:   Đang quét category 3803 (Adapter - Củ Sạc) - Trang 8
2026-03-11 15:36:09 [INFO] crawler.scraper:   Đang quét category 3803 (Adapter - Củ Sạc) - Trang 9
2026-03-11 15:36:13 [INFO] crawler.scraper:   Đang quét category 3803 (Adapter - Củ Sạc) - Trang 10
2026-03-11 15:36:16 [INFO] crawler.scraper:   Đang quét category 3803 (Adapter - Củ Sạc) - Trang 11
2026-03-11 15:36:19 [INFO] crawler.scraper:   Đang quét category 3803 (Adapter - Củ Sạc) - Trang 12
2026-03-11 15:36:22 [INFO] crawler.scraper:   Đang quét category 3803 (Adapter - Củ Sạc) - Trang 13
2026-03-11 15:36:24 [INFO] crawler.scraper:   Đang quét category 3803 (Adapter - Củ Sạc) - Trang 14
2026-03-11 15:36:27 [INFO] crawler.scraper:   Đang quét category 3803 (Adapter - Củ Sạc) - Trang 15
2026-03-11 15:36:30 [INFO] crawler.scraper:   Đang quét category 3803 (Adapter - Củ Sạc) - Trang 16
2026-03-11 15:36:33 [INFO] crawler.scraper:   Đang quét category 3803 (Adapter - Củ Sạc) - Trang 17
2026-03-11 15:36:36 [INFO] crawler.scraper:   Đang quét category 3803 (Adapter - Củ Sạc) - Trang 18
2026-03-11 15:36:39 [INFO] crawler.scraper:   Đang quét category 3803 (Adapter - Củ Sạc) - Trang 19
2026-03-11 15:36:41 [INFO] crawler.scraper:   Đang quét category 3803 (Adapter - Củ Sạc) - Trang 20
2026-03-11 15:36:44 [INFO] crawler.scraper:   Đang quét category 3803 (Adapter - Củ Sạc) - Trang 21
2026-03-11 15:36:47 [INFO] crawler.scraper:   Đang quét category 3803 (Adapter - Củ Sạc) - Trang 22
2026-03-11 15:36:50 [INFO] crawler.scraper:   Đang quét category 3803 (Adapter - Củ Sạc) - Trang 23
2026-03-11 15:36:53 [INFO] crawler.scraper:   Đang quét category 3803 (Adapter - Củ Sạc) - Trang 24
2026-03-11 15:36:55 [INFO] crawler.scraper:   Đang quét category 3803 (Adapter - Củ Sạc) - Trang 25
2026-03-11 15:36:58 [INFO] crawler.scraper:   Đang quét category 3803 (Adapter - Củ Sạc) - Trang 26
2026-03-11 15:37:01 [INFO] crawler.scraper:   Đang quét category 3803 (Adapter - Củ Sạc) - Trang 27
2026-03-11 15:37:04 [INFO] crawler.scraper:   Đang quét category 3803 (Adapter - Củ Sạc) - Trang 28
2026-03-11 15:37:07 [INFO] crawler.scraper:   Đang quét category 3803 (Adapter - Củ Sạc) - Trang 29
2026-03-11 15:37:10 [INFO] crawler.scraper:   Đang quét category 3803 (Adapter - Củ Sạc) - Trang 30
2026-03-11 15:37:12 [INFO] crawler.scraper:   Đang quét category 3803 (Adapter - Củ Sạc) - Trang 31
2026-03-11 15:37:13 [INFO] crawler.scraper:   Đã đến trang cuối (31) của category 3803
2026-03-11 15:37:13 [INFO] crawler.storage: Upserted 1213 products (New: 8, Updated: 1205)
2026-03-11 15:37:13 [INFO] main:   -> Tìm thấy: 1213 | Mới: 8 | Cập nhật: 1205
2026-03-11 15:37:13 [INFO] main: 
2026-03-11 15:37:13 [INFO] main: [12/12] Crawling: Tai Nghe Có Dây (ID: 1804)
2026-03-11 15:37:13 [INFO] crawler.scraper:   Đang quét category 1804 (Tai Nghe Có Dây) - Trang 1
2026-03-11 15:37:17 [INFO] crawler.scraper:   Đang quét category 1804 (Tai Nghe Có Dây) - Trang 2
2026-03-11 15:37:20 [INFO] crawler.scraper:   Đang quét category 1804 (Tai Nghe Có Dây) - Trang 3
2026-03-11 15:37:22 [INFO] crawler.scraper:   Đang quét category 1804 (Tai Nghe Có Dây) - Trang 4
2026-03-11 15:37:25 [INFO] crawler.scraper:   Đang quét category 1804 (Tai Nghe Có Dây) - Trang 5
2026-03-11 15:37:28 [INFO] crawler.scraper:   Đang quét category 1804 (Tai Nghe Có Dây) - Trang 6
2026-03-11 15:37:31 [INFO] crawler.scraper:   Đang quét category 1804 (Tai Nghe Có Dây) - Trang 7
2026-03-11 15:37:31 [INFO] crawler.scraper:   Đã đến trang cuối (7) của category 1804
2026-03-11 15:37:31 [INFO] crawler.storage: Upserted 271 products (New: 4, Updated: 267)
2026-03-11 15:37:31 [INFO] main:   -> Tìm thấy: 271 | Mới: 4 | Cập nhật: 267
2026-03-11 15:37:31 [INFO] main: 
2026-03-11 15:37:31 [INFO] main: ============================================================
2026-03-11 15:37:31 [INFO] main: PHASE 3: Lưu trữ & Export dữ liệu
2026-03-11 15:37:31 [INFO] main: ============================================================
2026-03-11 15:37:31 [INFO] crawler.storage: Crawl run completed: run_20260311_152322
2026-03-11 15:37:31 [INFO] crawler.storage: Exported 11442 products -> data/tiki_electronics_2026_clean.csv
2026-03-11 15:37:31 [INFO] main: 
2026-03-11 15:37:31 [INFO] main: ============================================================
2026-03-11 15:37:31 [INFO] main: CRAWL HOÀN THÀNH!
2026-03-11 15:37:31 [INFO] main: ============================================================
2026-03-11 15:37:31 [INFO] main: Run ID:             run_20260311_152322
2026-03-11 15:37:31 [INFO] main: Categories crawled: 12
2026-03-11 15:37:31 [INFO] main: Sản phẩm lần này:   11,593 (Mới: 1,780 | Cập nhật: 9,813)
2026-03-11 15:37:31 [INFO] main: Tổng trong DB:      11,442
2026-03-11 15:37:31 [INFO] main: Thương hiệu:        549
2026-03-11 15:37:31 [INFO] main: 
2026-03-11 15:37:31 [INFO] main: Phân bố Brand Type:
2026-03-11 15:37:31 [INFO] main:   Global_Brand        :  4,738 (41.4%)
2026-03-11 15:37:31 [INFO] main:   Local_Generic       :  6,543 (57.2%)
2026-03-11 15:37:31 [INFO] main:   OEM_Generic         :    161 (1.4%)
2026-03-11 15:37:31 [INFO] main: 
2026-03-11 15:37:31 [INFO] main: Output files:
2026-03-11 15:37:31 [INFO] main:   SQLite: data/tiki_electronics_2026.db
2026-03-11 15:37:31 [INFO] main:   CSV:    data/tiki_electronics_2026_clean.csv (11,442 records)
2026-03-11 15:37:31 [INFO] main:   Log:    logs/crawl_20260311_152322.log
2026-03-11 15:37:31 [INFO] main: ============================================================
2026-03-11 15:37:31 [INFO] crawler.storage: Database connection closed.
